{"pid":29239,"shlvl":3,"level":"INFO","dir":"/home/adelgrin","message":"ZPLUG_LOADFILE is not found","trace":["__zplug::log::write::info:2","__zplug::io::file::load:3","/home/adelgrin/.zplug/init.zsh:33","zsh:20"],"date":"2025-11-06T10:17:55-0300"}
{"pid":29239,"shlvl":3,"level":"ERROR","dir":"/home/adelgrin","message":"no packages to install\n","trace":["__zplug::log::write::error:2","__zplug::io::print::f:131","__zplug::job::parallel::init:17","__install__:34","__zplug::core::core::run_interfaces:14","zplug:12","zsh:21"],"date":"2025-11-06T10:17:59-0300"}
{"pid":29239,"shlvl":3,"level":"ERROR","dir":"/home/adelgrin","message":"no packages to install\n","trace":["__zplug::log::write::error:2","__zplug::io::print::f:131","__zplug::job::parallel::init:17","__install__:34","__zplug::core::core::run_interfaces:14","zplug:12","zsh:22"],"date":"2025-11-06T10:18:04-0300"}
{"pid":29239,"shlvl":3,"level":"INFO","dir":"/home/adelgrin","message":"turn monitor on","trace":["__zplug::log::write::info:2","__zplug::job::polling::periodic:9","zsh:24"],"date":"2025-11-06T10:18:28-0300"}
{"pid":29239,"shlvl":3,"level":"INFO","dir":"/home/adelgrin","message":"ZPLUG_LOADFILE is not found","trace":["__zplug::log::write::info:2","__zplug::io::file::load:3","/home/adelgrin/.zplug/init.zsh:33","/home/adelgrin/.zshrc:1","zsh:24"],"date":"2025-11-06T10:19:40-0300"}
{"pid":29239,"shlvl":3,"level":"ERROR","dir":"/home/adelgrin/.zplug/repos/babarot/enhancd","message":"error: pathspec 'master' did not match any file(s) known to git","trace":["__zplug::log::capture::error:8","__zplug::utils::git::checkout:45","__zplug::utils::git::clone:72","__zplug::sources::github::install:4","(eval):1","__zplug::core::sources::use_handler:13","__install__:52","__zplug::core::core::run_interfaces:14","zplug:12","zsh:26"],"date":"2025-11-06T10:19:50-0300"}
{"pid":29239,"shlvl":3,"level":"INFO","dir":"/home/adelgrin","message":"ZPLUG_LOADFILE is not found","trace":["__zplug::log::write::info:2","__zplug::io::file::load:3","/home/adelgrin/.zplug/init.zsh:33","/home/adelgrin/.zshrc:1","zsh:31"],"date":"2025-11-06T10:20:25-0300"}
{"pid":29239,"shlvl":3,"level":"INFO","dir":"/home/adelgrin","message":"turn monitor on","trace":["__zplug::log::write::info:2","__zplug::job::polling::periodic:9","zsh:32"],"date":"2025-11-06T10:20:25-0300"}
{"pid":29239,"shlvl":3,"level":"INFO","dir":"/home/adelgrin","message":"ZPLUG_LOADFILE is not found","trace":["__zplug::log::write::info:2","__zplug::io::file::load:3","/home/adelgrin/.zplug/init.zsh:33","/home/adelgrin/.zshrc:1","zsh:36"],"date":"2025-11-06T10:21:44-0300"}
{"pid":29239,"shlvl":3,"level":"ERROR","dir":"/home/adelgrin/Documents","message":"no packages to install\n","trace":["__zplug::log::write::error:2","__zplug::io::print::f:131","__zplug::job::parallel::init:17","__install__:34","__zplug::core::core::run_interfaces:14","zplug:12","zsh:45"],"date":"2025-11-06T10:23:06-0300"}
{"pid":29239,"shlvl":3,"level":"INFO","dir":"/home/adelgrin/Documents","message":"turn monitor on","trace":["__zplug::log::write::info:2","__zplug::job::polling::periodic:9","zsh:48"],"date":"2025-11-06T10:23:18-0300"}
{"pid":29239,"shlvl":3,"level":"INFO","dir":"/home/adelgrin/Documents","message":"ZPLUG_LOADFILE is not found","trace":["__zplug::log::write::info:2","__zplug::io::file::load:3","/home/adelgrin/.zplug/init.zsh:33","/home/adelgrin/.zshrc:1","zsh:50"],"date":"2025-11-06T10:23:51-0300"}
{"pid":32717,"shlvl":1,"level":"INFO","dir":"/media/bigdata/home/adelgrin/Documents/GitHub/CC6240---Projeto-1","message":"ZPLUG_LOADFILE is not found","trace":["__zplug::log::write::info:2","__zplug::io::file::load:3","/home/adelgrin/.zplug/init.zsh:33","/home/adelgrin/.zshrc:1","zsh:0"],"date":"2025-11-06T10:24:02-0300"}
{"pid":32717,"shlvl":1,"level":"INFO","dir":"/media/bigdata/home/adelgrin/Documents/GitHub","message":"ZPLUG_LOADFILE is not found","trace":["__zplug::log::write::info:2","__zplug::io::file::load:3","/home/adelgrin/.zplug/init.zsh:33","/home/adelgrin/.zshrc:1","zsh:4"],"date":"2025-11-06T10:24:16-0300"}
{"pid":32717,"shlvl":1,"level":"INFO","dir":"/media/bigdata/home/adelgrin/Documents/GitHub","message":"ZPLUG_LOADFILE is not found","trace":["__zplug::log::write::info:2","__zplug::io::file::load:3","/home/adelgrin/.zplug/init.zsh:33","/home/adelgrin/.zshrc:1","zsh:7"],"date":"2025-11-06T10:24:31-0300"}
{"pid":32717,"shlvl":1,"level":"ERROR","dir":"/home/adelgrin","message":"no packages to install\n","trace":["__zplug::log::write::error:2","__zplug::io::print::f:131","__zplug::job::parallel::init:17","__install__:34","__zplug::core::core::run_interfaces:14","zplug:12","/usr/bin/zsh:13"],"date":"2025-11-06T10:24:51-0300"}
{"pid":32717,"shlvl":1,"level":"INFO","dir":"/home/adelgrin","message":"ZPLUG_LOADFILE is not found","trace":["__zplug::log::write::info:2","__zplug::io::file::load:3","/home/adelgrin/.zplug/init.zsh:33","/home/adelgrin/.zshrc:1","zsh:14"],"date":"2025-11-06T10:24:55-0300"}
{"pid":32717,"shlvl":1,"level":"ERROR","dir":"/home/adelgrin","message":"no packages to install\n","trace":["__zplug::log::write::error:2","__zplug::io::print::f:131","__zplug::job::parallel::init:17","__install__:34","__zplug::core::core::run_interfaces:14","zplug:12","/usr/bin/zsh:15"],"date":"2025-11-06T10:24:58-0300"}
{"pid":32717,"shlvl":1,"level":"ERROR","dir":"/home/adelgrin/.zplug/repos/babarot/enhancd","message":"error: pathspec 'master' did not match any file(s) known to git","trace":["__zplug::log::capture::error:8","__zplug::utils::git::merge:26","__zplug::sources::github::update:9","(eval):1","__zplug::core::sources::use_handler:13","__update__:60","__zplug::core::core::run_interfaces:14","zplug:12","/usr/bin/zsh:16"],"date":"2025-11-06T10:25:04-0300"}
{"pid":32717,"shlvl":1,"level":"INFO","dir":"/home/adelgrin","message":"turn monitor on","trace":["__zplug::log::write::info:2","__zplug::job::polling::periodic:9","/usr/bin/zsh:17"],"date":"2025-11-06T10:25:04-0300"}
{"pid":32717,"shlvl":1,"level":"ERROR","dir":"/home/adelgrin/Documents/GitHub","message":"no packages to install\n","trace":["__zplug::log::write::error:2","__zplug::io::print::f:131","__zplug::job::parallel::init:17","__install__:34","__zplug::core::core::run_interfaces:14","zplug:12","/usr/bin/zsh:22"],"date":"2025-11-06T10:25:55-0300"}
{"pid":32717,"shlvl":1,"level":"INFO","dir":"/home/adelgrin/Documents/GitHub","message":"ZPLUG_LOADFILE is not found","trace":["__zplug::log::write::info:2","__zplug::io::file::load:3","/home/adelgrin/.zplug/init.zsh:33","zsh:25"],"date":"2025-11-06T10:26:17-0300"}
{"pid":32717,"shlvl":1,"level":"ERROR","dir":"/home/adelgrin/.zplug","message":"--status: unknown option\n","trace":["__zplug::log::write::error:2","__zplug::io::print::f:131","__zplug::core::options::unknown:4","__zplug::core::options::long:27","__zplug::core::options::parse:18","zplug:7","/usr/bin/zsh:37"],"date":"2025-11-06T10:28:55-0300"}
{"pid":32717,"shlvl":1,"level":"ERROR","dir":"/home/adelgrin/.zplug","message":"zplug/zplug: not managed yet\n","trace":["__zplug::log::write::error:2","__zplug::io::print::f:131","__self-manage__:6","__zplug::core::core::run_interfaces:14","__zplug::core::options::long:22","__zplug::core::options::parse:18","zplug:7","/usr/bin/zsh:38"],"date":"2025-11-06T10:29:03-0300"}
{"pid":32717,"shlvl":1,"level":"ERROR","dir":"/home/adelgrin/.zplug","message":"no package managed by zplug\n","trace":["__zplug::log::write::error:2","__zplug::io::print::f:131","__list__:45","__zplug::core::core::run_interfaces:14","zplug:12","/usr/bin/zsh:40"],"date":"2025-11-06T10:29:13-0300"}
{"pid":32717,"shlvl":1,"level":"ERROR","dir":"/home/adelgrin/.zplug","message":"no packages to install\n","trace":["__zplug::log::write::error:2","__zplug::io::print::f:131","__zplug::job::parallel::init:17","__install__:34","__zplug::core::core::run_interfaces:14","zplug:12","/usr/bin/zsh:41"],"date":"2025-11-06T10:29:20-0300"}
{"pid":32717,"shlvl":1,"level":"INFO","dir":"/home/adelgrin/.zplug","message":"ZPLUG_LOADFILE is not found","trace":["__zplug::log::write::info:2","__zplug::io::file::load:3","/home/adelgrin/.zplug/init.zsh:33","/home/adelgrin/.zshrc:1","zsh:42"],"date":"2025-11-06T10:29:31-0300"}
{"pid":32717,"shlvl":1,"level":"INFO","dir":"/home/adelgrin/.zplug","message":"turn monitor on","trace":["__zplug::log::write::info:2","__zplug::job::polling::periodic:9","/usr/bin/zsh:43"],"date":"2025-11-06T10:29:31-0300"}
{"pid":32717,"shlvl":1,"level":"ERROR","dir":"/home/adelgrin/.zplug","message":"no packages to install\n","trace":["__zplug::log::write::error:2","__zplug::io::print::f:131","__zplug::job::parallel::init:17","__install__:34","__zplug::core::core::run_interfaces:14","zplug:12","/usr/bin/zsh:43"],"date":"2025-11-06T10:29:34-0300"}
{"pid":32717,"shlvl":1,"level":"ERROR","dir":"/home/adelgrin/.zplug/repos/babarot/enhancd","message":"error: pathspec 'master' did not match any file(s) known to git","trace":["__zplug::log::capture::error:8","__zplug::utils::git::checkout:45","__zplug::core::cache::plugins:10","__load__:52","__zplug::core::core::run_interfaces:14","zplug:12","/usr/bin/zsh:44"],"date":"2025-11-06T10:29:38-0300"}
{"pid":32717,"shlvl":1,"level":"ERROR","dir":"/home/adelgrin/.zplug","message":"no packages to install\n","trace":["__zplug::log::write::error:2","__zplug::io::print::f:131","__zplug::job::parallel::init:17","__install__:34","__zplug::core::core::run_interfaces:14","zplug:12","/usr/bin/zsh:45"],"date":"2025-11-06T10:29:43-0300"}
{"pid":32717,"shlvl":1,"level":"ERROR","dir":"/home/adelgrin/.zplug/repos/babarot/enhancd","message":"error: pathspec 'master' did not match any file(s) known to git","trace":["__zplug::log::capture::error:8","__zplug::utils::git::merge:26","__zplug::sources::github::update:9","(eval):1","__zplug::core::sources::use_handler:13","__update__:60","__zplug::core::core::run_interfaces:14","zplug:12","/usr/bin/zsh:46"],"date":"2025-11-06T10:29:55-0300"}
{"pid":32717,"shlvl":1,"level":"ERROR","dir":"/home/adelgrin/.zplug","message":"no packages to install\n","trace":["__zplug::log::write::error:2","__zplug::io::print::f:131","__zplug::job::parallel::init:17","__install__:34","__zplug::core::core::run_interfaces:14","zplug:12","/usr/bin/zsh:47"],"date":"2025-11-06T10:30:00-0300"}
{"pid":32717,"shlvl":1,"level":"INFO","dir":"/home/adelgrin/.zplug","message":"turn monitor on","trace":["__zplug::log::write::info:2","__zplug::job::polling::periodic:9","/usr/bin/zsh:49"],"date":"2025-11-06T10:30:04-0300"}
{"pid":32717,"shlvl":1,"level":"INFO","dir":"/home/adelgrin/Documents","message":"ZPLUG_LOADFILE is not found","trace":["__zplug::log::write::info:2","__zplug::io::file::load:3","/home/adelgrin/.zplug/init.zsh:33","/home/adelgrin/.zshrc:1","zsh:64"],"date":"2025-11-06T10:32:45-0300"}
{"pid":32717,"shlvl":1,"level":"INFO","dir":"/home/adelgrin/Documents","message":"ZPLUG_LOADFILE is not found","trace":["__zplug::log::write::info:2","__zplug::io::file::load:3","/home/adelgrin/.zplug/init.zsh:33","/home/adelgrin/.zshrc:1","zsh:65"],"date":"2025-11-06T10:32:59-0300"}
{"pid":32717,"shlvl":1,"level":"ERROR","dir":"/home/adelgrin/Documents","message":"no package managed by zplug\n","trace":["__zplug::log::write::error:2","__zplug::io::print::f:131","__list__:45","__zplug::core::core::run_interfaces:14","zplug:12","/usr/bin/zsh:68"],"date":"2025-11-06T10:33:13-0300"}
{"pid":35378,"shlvl":1,"level":"INFO","dir":"/media/bigdata/home/adelgrin/Documents/GitHub/CC6240---Projeto-1","message":"ZPLUG_LOADFILE is not found","trace":["__zplug::log::write::info:2","__zplug::io::file::load:3","/home/adelgrin/.zplug/init.zsh:33","/home/adelgrin/.zshrc:1","zsh:0"],"date":"2025-11-06T10:33:21-0300"}
{"pid":35378,"shlvl":1,"level":"ERROR","dir":"/media/bigdata/home/adelgrin/Documents/GitHub","message":"no packages to install\n","trace":["__zplug::log::write::error:2","__zplug::io::print::f:131","__zplug::job::parallel::init:17","__install__:34","__zplug::core::core::run_interfaces:14","zplug:12","/usr/bin/zsh:6"],"date":"2025-11-06T10:37:42-0300"}
{"pid":35378,"shlvl":1,"level":"ERROR","dir":"/media/bigdata/home/adelgrin/Documents/GitHub","message":"no package managed by zplug\n","trace":["__zplug::log::write::error:2","__zplug::io::print::f:131","__list__:45","__zplug::core::core::run_interfaces:14","zplug:12","/usr/bin/zsh:7"],"date":"2025-11-06T10:37:45-0300"}
{"pid":35378,"shlvl":1,"level":"ERROR","dir":"/media/bigdata/home/adelgrin/Documents/GitHub","message":"udate","trace":["__zplug::log::write::error:2","__zplug::io::print::f:131","__zplug::core::arguments::auto_correct:33","__zplug::core::arguments::exec:21","zplug:26","/usr/bin/zsh:8"],"date":"2025-11-06T10:37:49-0300"}
{"pid":35378,"shlvl":1,"level":"INFO","dir":"/media/bigdata/home/adelgrin/Documents/GitHub","message":"ZPLUG_LOADFILE is not found","trace":["__zplug::log::write::info:2","__zplug::io::file::load:3","/home/adelgrin/.zplug/init.zsh:33","/home/adelgrin/.zshrc:1","zsh:10"],"date":"2025-11-06T10:37:56-0300"}
{"pid":35378,"shlvl":1,"level":"ERROR","dir":"/home/adelgrin/.zplug/repos/babarot/enhancd","message":"error: pathspec 'master' did not match any file(s) known to git","trace":["__zplug::log::capture::error:8","__zplug::utils::git::merge:26","__zplug::sources::github::update:9","(eval):1","__zplug::core::sources::use_handler:13","__update__:60","__zplug::core::core::run_interfaces:14","zplug:12","/usr/bin/zsh:11"],"date":"2025-11-06T10:38:00-0300"}
{"pid":35378,"shlvl":1,"level":"ERROR","dir":"/media/bigdata/home/adelgrin/Documents/GitHub","message":"no packages to install\n","trace":["__zplug::log::write::error:2","__zplug::io::print::f:131","__zplug::job::parallel::init:17","__install__:34","__zplug::core::core::run_interfaces:14","zplug:12","/usr/bin/zsh:14"],"date":"2025-11-06T10:38:13-0300"}
{"pid":35378,"shlvl":1,"level":"INFO","dir":"/media/bigdata/home/adelgrin/Documents/GitHub","message":"turn monitor on","trace":["__zplug::log::write::info:2","__zplug::job::polling::periodic:9","/usr/bin/zsh:15"],"date":"2025-11-06T10:38:13-0300"}
{"pid":36421,"shlvl":1,"level":"INFO","dir":"/media/bigdata/home/adelgrin/Documents/GitHub","message":"ZPLUG_LOADFILE is not found","trace":["__zplug::log::write::info:2","__zplug::io::file::load:3","/home/adelgrin/.zplug/init.zsh:33","/home/adelgrin/.zshrc:1","zsh:0"],"date":"2025-11-06T10:38:25-0300"}
{"pid":35378,"shlvl":1,"level":"INFO","dir":"/media/bigdata/home/adelgrin/Documents/GitHub","message":"ZPLUG_LOADFILE is not found","trace":["__zplug::log::write::info:2","__zplug::io::file::load:3","/home/adelgrin/.zplug/init.zsh:33","/home/adelgrin/.zshrc:1","zsh:18"],"date":"2025-11-06T10:38:35-0300"}
{"pid":35378,"shlvl":1,"level":"ERROR","dir":"/home/adelgrin/.zplug/repos/babarot/enhancd","message":"error: pathspec 'master' did not match any file(s) known to git","trace":["__zplug::log::capture::error:8","__zplug::utils::git::checkout:45","__zplug::core::cache::plugins:10","__load__:52","__zplug::core::core::run_interfaces:14","zplug:12","/usr/bin/zsh:23"],"date":"2025-11-06T10:38:49-0300"}
{"pid":35378,"shlvl":1,"level":"INFO","dir":"/home/adelgrin/Documents","message":"ZPLUG_LOADFILE is not found","trace":["__zplug::log::write::info:2","__zplug::io::file::load:3","/home/adelgrin/.zplug/init.zsh:33","/home/adelgrin/.zshrc:1","zsh:26"],"date":"2025-11-06T10:39:16-0300"}
{"pid":35378,"shlvl":1,"level":"INFO","dir":"/home/adelgrin/Documents","message":"turn monitor on","trace":["__zplug::log::write::info:2","__zplug::job::polling::periodic:9","/usr/bin/zsh:28"],"date":"2025-11-06T10:39:24-0300"}
{"pid":35378,"shlvl":1,"level":"INFO","dir":"/home/adelgrin/Documents","message":"ZPLUG_LOADFILE is not found","trace":["__zplug::log::write::info:2","__zplug::io::file::load:3","/home/adelgrin/.zplug/init.zsh:33","/home/adelgrin/.zshrc:1","zsh:30"],"date":"2025-11-06T10:39:39-0300"}
{"pid":35378,"shlvl":1,"level":"INFO","dir":"/home/adelgrin/Documents","message":"turn monitor on","trace":["__zplug::log::write::info:2","__zplug::job::polling::periodic:9","/usr/bin/zsh:35"],"date":"2025-11-06T10:39:56-0300"}
{"pid":35378,"shlvl":1,"level":"INFO","dir":"/home/adelgrin/Documents","message":"ZPLUG_LOADFILE is not found","trace":["__zplug::log::write::info:2","__zplug::io::file::load:3","/home/adelgrin/.zplug/init.zsh:33","/home/adelgrin/.zshrc:1","zsh:35"],"date":"2025-11-06T10:40:15-0300"}
{"pid":35378,"shlvl":1,"level":"ERROR","dir":"/home/adelgrin/Documents","message":"no package managed by zplug\n","trace":["__zplug::log::write::error:2","__zplug::io::print::f:131","__list__:45","__zplug::core::core::run_interfaces:14","zplug:12","/usr/bin/zsh:37"],"date":"2025-11-06T10:40:25-0300"}
{"pid":37557,"shlvl":1,"level":"INFO","dir":"/media/bigdata/home","message":"ZPLUG_LOADFILE is not found","trace":["__zplug::log::write::info:2","__zplug::io::file::load:3","/home/adelgrin/.zplug/init.zsh:33","/home/adelgrin/.zshrc:1","zsh:0"],"date":"2025-11-06T10:40:46-0300"}
{"pid":37720,"shlvl":1,"level":"INFO","dir":"/media/bigdata/home/adelgrin/Documents/GitHub/CC6240---Projeto-1","message":"ZPLUG_LOADFILE is not found","trace":["__zplug::log::write::info:2","__zplug::io::file::load:3","/home/adelgrin/.zplug/init.zsh:33","/home/adelgrin/.zshrc:1","zsh:0"],"date":"2025-11-06T10:41:11-0300"}
{"pid":45571,"shlvl":1,"level":"INFO","dir":"/media/bigdata/home/adelgrin/Documents/GitHub/CC6240---Projeto-1","message":"ZPLUG_LOADFILE is not found","trace":["__zplug::log::write::info:2","__zplug::io::file::load:3","/home/adelgrin/.zplug/init.zsh:33","/home/adelgrin/.zshrc:1","zsh:0"],"date":"2025-11-06T11:59:32-0300"}
{"pid":22522,"shlvl":1,"level":"INFO","dir":"/home/adelgrin","message":"ZPLUG_LOADFILE is not found","trace":["__zplug::log::write::info:2","__zplug::io::file::load:3","/home/adelgrin/.zplug/init.zsh:33","/home/adelgrin/.zshrc:1","zsh:18"],"date":"2025-11-06T12:03:09-0300"}
{"pid":2712,"shlvl":1,"level":"INFO","dir":"/home/adelgrin","message":"ZPLUG_LOADFILE is not found","trace":["__zplug::log::write::info:2","__zplug::io::file::load:3","/home/adelgrin/.zplug/init.zsh:33","/home/adelgrin/.zshrc:1","zsh:0"],"date":"2025-11-06T19:24:23-0300"}
{"pid":1981,"shlvl":1,"level":"INFO","dir":"/home/adelgrin","message":"ZPLUG_LOADFILE is not found","trace":["__zplug::log::write::info:2","__zplug::io::file::load:3","/home/adelgrin/.zplug/init.zsh:33","/home/adelgrin/.zshrc:1","zsh:0"],"date":"2025-11-07T07:33:27-0300"}
{"pid":2318,"shlvl":1,"level":"INFO","dir":"/home/adelgrin","message":"ZPLUG_LOADFILE is not found","trace":["__zplug::log::write::info:2","__zplug::io::file::load:3","/home/adelgrin/.zplug/init.zsh:33","/home/adelgrin/.zshrc:1","zsh:0"],"date":"2025-11-07T07:36:04-0300"}
{"pid":2570,"shlvl":1,"level":"INFO","dir":"/home/adelgrin","message":"ZPLUG_LOADFILE is not found","trace":["__zplug::log::write::info:2","__zplug::io::file::load:3","/home/adelgrin/.zplug/init.zsh:33","/home/adelgrin/.zshrc:1","zsh:0"],"date":"2025-11-07T07:38:13-0300"}
{"pid":3241,"shlvl":2,"level":"INFO","dir":"/home/adelgrin/.local/share/chezmoi","message":"ZPLUG_LOADFILE is not found","trace":["__zplug::log::write::info:2","__zplug::io::file::load:3","/home/adelgrin/.zplug/init.zsh:33","/home/adelgrin/.zshrc:1","zsh:0"],"date":"2025-11-07T07:43:30-0300"}
{"pid":8049,"shlvl":1,"level":"INFO","dir":"/home/adelgrin","message":"ZPLUG_LOADFILE is not found","trace":["__zplug::log::write::info:2","__zplug::io::file::load:3","/home/adelgrin/.zplug/init.zsh:33","/home/adelgrin/.zshrc:1","zsh:0"],"date":"2025-11-07T08:03:43-0300"}
{"pid":11154,"shlvl":1,"level":"INFO","dir":"/home/adelgrin","message":"ZPLUG_LOADFILE is not found","trace":["__zplug::log::write::info:2","__zplug::io::file::load:3","/home/adelgrin/.zplug/init.zsh:33","/home/adelgrin/.zshrc:1","zsh:0"],"date":"2025-11-07T08:34:36-0300"}
{"pid":14059,"shlvl":1,"level":"INFO","dir":"/media/bigdata/home/adelgrin/Documents/GitHub/sistemas_operacionas","message":"ZPLUG_LOADFILE is not found","trace":["__zplug::log::write::info:2","__zplug::io::file::load:3","/home/adelgrin/.zplug/init.zsh:33","/home/adelgrin/.zshrc:1","zsh:0"],"date":"2025-11-07T08:47:26-0300"}
{"pid":14404,"shlvl":1,"level":"INFO","dir":"/media/bigdata/home/adelgrin/Documents/GitHub/sistemas_operacionas","message":"ZPLUG_LOADFILE is not found","trace":["__zplug::log::write::info:2","__zplug::io::file::load:3","/home/adelgrin/.zplug/init.zsh:33","/home/adelgrin/.zshrc:1","zsh:0"],"date":"2025-11-07T08:48:35-0300"}
{"pid":11154,"shlvl":1,"level":"INFO","dir":"/home/adelgrin/Documents/GitHub/sistemas_operacionas","message":"ZPLUG_LOADFILE is not found","trace":["__zplug::log::write::info:2","__zplug::io::file::load:3","/home/adelgrin/.zplug/init.zsh:33","/home/adelgrin/.zshrc:1","zsh:9"],"date":"2025-11-07T08:49:03-0300"}
{"pid":34403,"shlvl":1,"level":"INFO","dir":"/media/bigdata/home/adelgrin/Documents/GitHub/sistemas_operacionas","message":"ZPLUG_LOADFILE is not found","trace":["__zplug::log::write::info:2","__zplug::io::file::load:3","/home/adelgrin/.zplug/init.zsh:33","/home/adelgrin/.zshrc:1","zsh:0"],"date":"2025-11-07T10:26:38-0300"}
{"pid":44566,"shlvl":1,"level":"INFO","dir":"/home/adelgrin","message":"ZPLUG_LOADFILE is not found","trace":["__zplug::log::write::info:2","__zplug::io::file::load:3","/home/adelgrin/.zplug/init.zsh:33","/home/adelgrin/.zshrc:1","zsh:0"],"date":"2025-11-07T11:16:54-0300"}
{"pid":44685,"shlvl":1,"level":"INFO","dir":"/media/bigdata/home/adelgrin/Documents/GitHub/CC6240---Projeto-1","message":"ZPLUG_LOADFILE is not found","trace":["__zplug::log::write::info:2","__zplug::io::file::load:3","/home/adelgrin/.zplug/init.zsh:33","/home/adelgrin/.zshrc:1","zsh:0"],"date":"2025-11-07T11:17:07-0300"}
{"pid":76341,"shlvl":1,"level":"INFO","dir":"/home/adelgrin","message":"ZPLUG_LOADFILE is not found","trace":["__zplug::log::write::info:2","__zplug::io::file::load:3","/home/adelgrin/.zplug/init.zsh:33","/home/adelgrin/.zshrc:1","zsh:0"],"date":"2025-11-07T13:25:28-0300"}
{"pid":76821,"shlvl":1,"level":"INFO","dir":"/media/bigdata/home/adelgrin/Downloads","message":"ZPLUG_LOADFILE is not found","trace":["__zplug::log::write::info:2","__zplug::io::file::load:3","/home/adelgrin/.zplug/init.zsh:33","/home/adelgrin/.zshrc:1","zsh:0"],"date":"2025-11-07T13:27:14-0300"}
{"pid":1896,"shlvl":1,"level":"INFO","dir":"/home/adelgrin","message":"ZPLUG_LOADFILE is not found","trace":["__zplug::log::write::info:2","__zplug::io::file::load:3","/home/adelgrin/.zplug/init.zsh:33","/home/adelgrin/.zshrc:1","zsh:0"],"date":"2025-11-07T20:54:01-0300"}
{"pid":1983,"shlvl":1,"level":"INFO","dir":"/home/adelgrin","message":"ZPLUG_LOADFILE is not found","trace":["__zplug::log::write::info:2","__zplug::io::file::load:3","/home/adelgrin/.zplug/init.zsh:33","/home/adelgrin/.zshrc:1","zsh:0"],"date":"2025-11-07T20:54:19-0300"}
{"pid":2221,"shlvl":1,"level":"INFO","dir":"/media/bigdata/home/adelgrin/Documents/GitHub/CC6240---Projeto-1","message":"ZPLUG_LOADFILE is not found","trace":["__zplug::log::write::info:2","__zplug::io::file::load:3","/home/adelgrin/.zplug/init.zsh:33","/home/adelgrin/.zshrc:1","zsh:0"],"date":"2025-11-07T20:55:13-0300"}
{"pid":1833,"shlvl":1,"level":"INFO","dir":"/home/adelgrin","message":"ZPLUG_LOADFILE is not found","trace":["__zplug::log::write::info:2","__zplug::io::file::load:3","/home/adelgrin/.zplug/init.zsh:33","/home/adelgrin/.zshrc:1","zsh:0"],"date":"2025-11-07T20:58:42-0300"}
{"pid":1986,"shlvl":1,"level":"INFO","dir":"/home/adelgrin","message":"ZPLUG_LOADFILE is not found","trace":["__zplug::log::write::info:2","__zplug::io::file::load:3","/home/adelgrin/.zplug/init.zsh:33","/home/adelgrin/.zshrc:1","zsh:0"],"date":"2025-11-07T20:59:05-0300"}
{"pid":2096,"shlvl":1,"level":"INFO","dir":"/home/adelgrin","message":"ZPLUG_LOADFILE is not found","trace":["__zplug::log::write::info:2","__zplug::io::file::load:3","/home/adelgrin/.zplug/init.zsh:33","/home/adelgrin/.zshrc:1","zsh:0"],"date":"2025-11-07T20:59:29-0300"}
{"pid":2229,"shlvl":1,"level":"INFO","dir":"/media/bigdata/home/adelgrin/Documents/GitHub/CC6240---Projeto-1","message":"ZPLUG_LOADFILE is not found","trace":["__zplug::log::write::info:2","__zplug::io::file::load:3","/home/adelgrin/.zplug/init.zsh:33","/home/adelgrin/.zshrc:1","zsh:0"],"date":"2025-11-07T20:59:54-0300"}
{"pid":2127,"shlvl":1,"level":"INFO","dir":"/home/adelgrin","message":"ZPLUG_LOADFILE is not found","trace":["__zplug::log::write::info:2","__zplug::io::file::load:3","/home/adelgrin/.zplug/init.zsh:33","/home/adelgrin/.zshrc:1","zsh:0"],"date":"2025-11-08T16:57:03-0300"}
{"pid":2620,"shlvl":1,"level":"INFO","dir":"/media/bigdata/home/adelgrin/Documents/GitHub/CC6240---Projeto-1","message":"ZPLUG_LOADFILE is not found","trace":["__zplug::log::write::info:2","__zplug::io::file::load:3","/home/adelgrin/.zplug/init.zsh:33","/home/adelgrin/.zshrc:1","zsh:0"],"date":"2025-11-08T16:57:49-0300"}
{"pid":14094,"shlvl":1,"level":"INFO","dir":"/media/bigdata/home/adelgrin/Documents/GitHub/CC6252---Projeto-1","message":"ZPLUG_LOADFILE is not found","trace":["__zplug::log::write::info:2","__zplug::io::file::load:3","/home/adelgrin/.zplug/init.zsh:33","/home/adelgrin/.zshrc:1","zsh:0"],"date":"2025-11-08T19:24:41-0300"}
{"pid":21561,"shlvl":1,"level":"INFO","dir":"/home/adelgrin","message":"ZPLUG_LOADFILE is not found","trace":["__zplug::log::write::info:2","__zplug::io::file::load:3","/home/adelgrin/.zplug/init.zsh:33","/home/adelgrin/.zshrc:1","zsh:0"],"date":"2025-11-08T20:32:19-0300"}
{"pid":2572,"shlvl":1,"level":"INFO","dir":"/home/adelgrin","message":"ZPLUG_LOADFILE is not found","trace":["__zplug::log::write::info:2","__zplug::io::file::load:3","/home/adelgrin/.zplug/init.zsh:33","/home/adelgrin/.zshrc:1","zsh:0"],"date":"2025-11-08T21:37:34-0300"}
{"pid":2940,"shlvl":2,"level":"INFO","dir":"/home/adelgrin/.local/share/chezmoi","message":"ZPLUG_LOADFILE is not found","trace":["__zplug::log::write::info:2","__zplug::io::file::load:3","/home/adelgrin/.zplug/init.zsh:33","/home/adelgrin/.zshrc:1","zsh:0"],"date":"2025-11-08T21:40:06-0300"}
{"pid":2290,"shlvl":1,"level":"INFO","dir":"/home/adelgrin","message":"ZPLUG_LOADFILE is not found","trace":["__zplug::log::write::info:2","__zplug::io::file::load:3","/home/adelgrin/.zplug/init.zsh:33","/home/adelgrin/.zshrc:1","zsh:0"],"date":"2025-11-09T10:13:31-0300"}
{"pid":4829,"shlvl":1,"level":"INFO","dir":"/home/adelgrin","message":"ZPLUG_LOADFILE is not found","trace":["__zplug::log::write::info:2","__zplug::io::file::load:3","/home/adelgrin/.zplug/init.zsh:33","/home/adelgrin/.zshrc:1","zsh:0"],"date":"2025-11-09T10:30:51-0300"}
{"pid":6122,"shlvl":1,"level":"INFO","dir":"/media/bigdata/home/adelgrin/Documents/GitHub/CC6252---Projeto-1","message":"ZPLUG_LOADFILE is not found","trace":["__zplug::log::write::info:2","__zplug::io::file::load:3","/home/adelgrin/.zplug/init.zsh:33","/home/adelgrin/.zshrc:1","zsh:0"],"date":"2025-11-09T10:33:53-0300"}
{"pid":1627,"shlvl":1,"level":"INFO","dir":"/home/adelgrin","message":"ZPLUG_LOADFILE is not found","trace":["__zplug::log::write::info:2","__zplug::io::file::load:3","/home/adelgrin/.zplug/init.zsh:33","/home/adelgrin/.zshrc:1","zsh:0"],"date":"2025-11-09T19:41:32-0300"}
{"pid":2549,"shlvl":1,"level":"INFO","dir":"/home/adelgrin","message":"ZPLUG_LOADFILE is not found","trace":["__zplug::log::write::info:2","__zplug::io::file::load:3","/home/adelgrin/.zplug/init.zsh:33","/home/adelgrin/.zshrc:1","zsh:0"],"date":"2025-11-10T07:43:44-0300"}
{"pid":5834,"shlvl":1,"level":"INFO","dir":"/home/adelgrin","message":"ZPLUG_LOADFILE is not found","trace":["__zplug::log::write::info:2","__zplug::io::file::load:3","/home/adelgrin/.zplug/init.zsh:33","/home/adelgrin/.zshrc:1","zsh:0"],"date":"2025-11-10T07:58:44-0300"}
{"pid":10279,"shlvl":1,"level":"INFO","dir":"/media/bigdata/home/adelgrin/Documents/camara/proposta_newRede","message":"ZPLUG_LOADFILE is not found","trace":["__zplug::log::write::info:2","__zplug::io::file::load:3","/home/adelgrin/.zplug/init.zsh:33","/home/adelgrin/.zshrc:1","zsh:0"],"date":"2025-11-10T08:13:06-0300"}
{"pid":24683,"shlvl":1,"level":"INFO","dir":"/media/bigdata/home/adelgrin/Documents/camara/proposta_newRede","message":"ZPLUG_LOADFILE is not found","trace":["__zplug::log::write::info:2","__zplug::io::file::load:3","/home/adelgrin/.zplug/init.zsh:33","/home/adelgrin/.zshrc:1","zsh:0"],"date":"2025-11-10T09:43:16-0300"}
{"pid":1878,"shlvl":1,"level":"INFO","dir":"/home/adelgrin","message":"ZPLUG_LOADFILE is not found","trace":["__zplug::log::write::info:2","__zplug::io::file::load:3","/home/adelgrin/.zplug/init.zsh:33","/home/adelgrin/.zshrc:1","zsh:0"],"date":"2025-11-10T19:15:06-0300"}
{"pid":2484,"shlvl":1,"level":"INFO","dir":"/home/adelgrin","message":"ZPLUG_LOADFILE is not found","trace":["__zplug::log::write::info:2","__zplug::io::file::load:3","/home/adelgrin/.zplug/init.zsh:33","/home/adelgrin/.zshrc:1","zsh:0"],"date":"2025-11-10T19:16:36-0300"}
{"pid":2544,"shlvl":1,"level":"INFO","dir":"/home/adelgrin","message":"ZPLUG_LOADFILE is not found","trace":["__zplug::log::write::info:2","__zplug::io::file::load:3","/home/adelgrin/.zplug/init.zsh:33","/home/adelgrin/.zshrc:1","zsh:0"],"date":"2025-11-10T19:16:38-0300"}
{"pid":3058,"shlvl":1,"level":"INFO","dir":"/home/adelgrin","message":"ZPLUG_LOADFILE is not found","trace":["__zplug::log::write::info:2","__zplug::io::file::load:3","/home/adelgrin/.zplug/init.zsh:33","/home/adelgrin/.zshrc:1","zsh:0"],"date":"2025-11-11T07:44:29-0300"}
{"pid":11280,"shlvl":1,"level":"INFO","dir":"/home/adelgrin","message":"ZPLUG_LOADFILE is not found","trace":["__zplug::log::write::info:2","__zplug::io::file::load:3","/home/adelgrin/.zplug/init.zsh:33","/home/adelgrin/.zshrc:1","zsh:0"],"date":"2025-11-11T08:40:11-0300"}
{"pid":14545,"shlvl":2,"level":"INFO","dir":"/home/adelgrin","message":"ZPLUG_LOADFILE is not found","trace":["__zplug::log::write::info:2","__zplug::io::file::load:3","/home/adelgrin/.zplug/init.zsh:33","/home/adelgrin/.zshrc:1","zsh:0"],"date":"2025-11-11T08:51:43-0300"}
{"pid":14755,"shlvl":1,"level":"INFO","dir":"/home/adelgrin","message":"ZPLUG_LOADFILE is not found","trace":["__zplug::log::write::info:2","__zplug::io::file::load:3","/home/adelgrin/.zplug/init.zsh:33","/home/adelgrin/.zshrc:1","zsh:0"],"date":"2025-11-11T08:52:43-0300"}
{"pid":52986,"shlvl":1,"level":"INFO","dir":"/home/adelgrin","message":"ZPLUG_LOADFILE is not found","trace":["__zplug::log::write::info:2","__zplug::io::file::load:3","/home/adelgrin/.zplug/init.zsh:33","/home/adelgrin/.zshrc:1","zsh:0"],"date":"2025-11-11T11:28:27-0300"}
{"pid":3058,"shlvl":1,"level":"INFO","dir":"/home/adelgrin/Documents/camara/proposta_newRede","message":"ZPLUG_LOADFILE is not found","trace":["__zplug::log::write::info:2","__zplug::io::file::load:3","/home/adelgrin/.zplug/init.zsh:33","/home/adelgrin/.zshrc:1","zsh:155"],"date":"2025-11-11T11:41:40-0300"}
{"pid":3058,"shlvl":1,"level":"INFO","dir":"/home/adelgrin/Documents/camara/proposta_newRede","message":"ZPLUG_LOADFILE is not found","trace":["__zplug::log::write::info:2","__zplug::io::file::load:3","/home/adelgrin/.zplug/init.zsh:33","/home/adelgrin/.zshrc:1","zsh:159"],"date":"2025-11-11T11:42:46-0300"}
{"pid":55966,"shlvl":1,"level":"INFO","dir":"/media/bigdata/home/adelgrin/Documents/camara/proposta_newRede","message":"ZPLUG_LOADFILE is not found","trace":["__zplug::log::write::info:2","__zplug::io::file::load:3","/home/adelgrin/.zplug/init.zsh:33","/home/adelgrin/.zshrc:1","zsh:0"],"date":"2025-11-11T11:42:58-0300"}
{"pid":56361,"shlvl":1,"level":"INFO","dir":"/media/bigdata/home/adelgrin/Documents/camara/proposta_newRede","message":"ZPLUG_LOADFILE is not found","trace":["__zplug::log::write::info:2","__zplug::io::file::load:3","/home/adelgrin/.zplug/init.zsh:33","/home/adelgrin/.zshrc:1","zsh:0"],"date":"2025-11-11T11:45:07-0300"}
{"pid":3058,"shlvl":1,"level":"INFO","dir":"/home/adelgrin/Documents/camara/proposta_newRede","message":"ZPLUG_LOADFILE is not found","trace":["__zplug::log::write::info:2","__zplug::io::file::load:3","/home/adelgrin/.zplug/init.zsh:33","/home/adelgrin/.zshrc:1","zsh:176"],"date":"2025-11-11T11:45:57-0300"}
{"pid":56361,"shlvl":1,"level":"INFO","dir":"/media/bigdata/home/adelgrin/Documents/camara/proposta_newRede","message":"ZPLUG_LOADFILE is not found","trace":["__zplug::log::write::info:2","__zplug::io::file::load:3","/home/adelgrin/.zplug/init.zsh:33","/home/adelgrin/.zshrc:1","zsh:4"],"date":"2025-11-11T11:47:59-0300"}
{"pid":56361,"shlvl":1,"level":"INFO","dir":"/media/bigdata/home/adelgrin/Documents/camara/proposta_newRede","message":"ZPLUG_LOADFILE is not found","trace":["__zplug::log::write::info:2","__zplug::io::file::load:3","/home/adelgrin/.zplug/init.zsh:33","/home/adelgrin/.zshrc:1","zsh:6"],"date":"2025-11-11T11:49:47-0300"}
{"pid":56361,"shlvl":1,"level":"INFO","dir":"/media/bigdata/home/adelgrin/Documents/camara/proposta_newRede","message":"ZPLUG_LOADFILE is not found","trace":["__zplug::log::write::info:2","__zplug::io::file::load:3","/home/adelgrin/.zplug/init.zsh:33","/home/adelgrin/.zshrc:1","zsh:8"],"date":"2025-11-11T11:50:17-0300"}
{"pid":56361,"shlvl":1,"level":"INFO","dir":"/media/bigdata/home/adelgrin/Documents/camara/proposta_newRede","message":"ZPLUG_LOADFILE is not found","trace":["__zplug::log::write::info:2","__zplug::io::file::load:3","/home/adelgrin/.zplug/init.zsh:33","/home/adelgrin/.zshrc:1","zsh:10"],"date":"2025-11-11T11:50:37-0300"}
{"pid":56361,"shlvl":1,"level":"INFO","dir":"/media/bigdata/home/adelgrin/Documents/camara/proposta_newRede","message":"ZPLUG_LOADFILE is not found","trace":["__zplug::log::write::info:2","__zplug::io::file::load:3","/home/adelgrin/.zplug/init.zsh:33","/home/adelgrin/.zshrc:1","zsh:13"],"date":"2025-11-11T11:50:57-0300"}
{"pid":56361,"shlvl":1,"level":"INFO","dir":"/media/bigdata/home/adelgrin/Documents/camara/proposta_newRede","message":"ZPLUG_LOADFILE is not found","trace":["__zplug::log::write::info:2","__zplug::io::file::load:3","/home/adelgrin/.zplug/init.zsh:33","/home/adelgrin/.zshrc:1","zsh:15"],"date":"2025-11-11T11:51:34-0300"}
{"pid":56361,"shlvl":1,"level":"INFO","dir":"/media/bigdata/home/adelgrin/Documents/camara/proposta_newRede","message":"ZPLUG_LOADFILE is not found","trace":["__zplug::log::write::info:2","__zplug::io::file::load:3","/home/adelgrin/.zplug/init.zsh:33","/home/adelgrin/.zshrc:1","zsh:16"],"date":"2025-11-11T11:52:08-0300"}
{"pid":3058,"shlvl":1,"level":"INFO","dir":"/home/adelgrin/Documents/camara/proposta_newRede","message":"ZPLUG_LOADFILE is not found","trace":["__zplug::log::write::info:2","__zplug::io::file::load:3","/home/adelgrin/.zplug/init.zsh:33","/home/adelgrin/.zshrc:1","zsh:181"],"date":"2025-11-11T11:52:45-0300"}
{"pid":11280,"shlvl":1,"level":"INFO","dir":"/home/adelgrin","message":"ZPLUG_LOADFILE is not found","trace":["__zplug::log::write::info:2","__zplug::io::file::load:3","/home/adelgrin/.zplug/init.zsh:33","/home/adelgrin/.zshrc:1","zsh:17"],"date":"2025-11-11T13:06:43-0300"}
{"pid":11280,"shlvl":1,"level":"INFO","dir":"/home/adelgrin","message":"ZPLUG_LOADFILE is not found","trace":["__zplug::log::write::info:2","__zplug::io::file::load:3","/home/adelgrin/.zplug/init.zsh:33","/home/adelgrin/.zshrc:1","zsh:18"],"date":"2025-11-11T13:07:53-0300"}
{"pid":66773,"shlvl":1,"level":"INFO","dir":"/media/bigdata/home/adelgrin/Documents/camara/proposta_newRede","message":"ZPLUG_LOADFILE is not found","trace":["__zplug::log::write::info:2","__zplug::io::file::load:3","/home/adelgrin/.zplug/init.zsh:33","/home/adelgrin/.zshrc:1","zsh:0"],"date":"2025-11-11T13:09:43-0300"}
{"pid":69098,"shlvl":1,"level":"INFO","dir":"/home/adelgrin","message":"ZPLUG_LOADFILE is not found","trace":["__zplug::log::write::info:2","__zplug::io::file::load:3","/home/adelgrin/.zplug/init.zsh:33","/home/adelgrin/.zshrc:1","zsh:0"],"date":"2025-11-11T13:30:47-0300"}
{"pid":11280,"shlvl":1,"level":"INFO","dir":"/home/adelgrin","message":"ZPLUG_LOADFILE is not found","trace":["__zplug::log::write::info:2","__zplug::io::file::load:3","/home/adelgrin/.zplug/init.zsh:33","/home/adelgrin/.zshrc:1","zsh:36"],"date":"2025-11-11T13:37:09-0300"}
{"pid":11280,"shlvl":1,"level":"INFO","dir":"/home/adelgrin","message":"ZPLUG_LOADFILE is not found","trace":["__zplug::log::write::info:2","__zplug::io::file::load:3","/home/adelgrin/.zplug/init.zsh:33","/home/adelgrin/.zshrc:1","zsh:38"],"date":"2025-11-11T13:37:39-0300"}
{"pid":2552,"shlvl":1,"level":"INFO","dir":"/home/adelgrin","message":"ZPLUG_LOADFILE is not found","trace":["__zplug::log::write::info:2","__zplug::io::file::load:3","/home/adelgrin/.zplug/init.zsh:33","/home/adelgrin/.zshrc:1","zsh:0"],"date":"2025-11-12T07:30:59-0300"}
{"pid":2940,"shlvl":1,"level":"INFO","dir":"/home/adelgrin","message":"ZPLUG_LOADFILE is not found","trace":["__zplug::log::write::info:2","__zplug::io::file::load:3","/home/adelgrin/.zplug/init.zsh:33","/home/adelgrin/.zshrc:1","zsh:0"],"date":"2025-11-12T07:31:07-0300"}
{"pid":3813,"shlvl":1,"level":"INFO","dir":"/home/adelgrin","message":"ZPLUG_LOADFILE is not found","trace":["__zplug::log::write::info:2","__zplug::io::file::load:3","/home/adelgrin/.zplug/init.zsh:33","/home/adelgrin/.zshrc:1","zsh:0"],"date":"2025-11-12T07:32:04-0300"}
{"pid":19388,"shlvl":1,"level":"INFO","dir":"/media/bigdata/home/adelgrin/.config/zathura","message":"ZPLUG_LOADFILE is not found","trace":["__zplug::log::write::info:2","__zplug::io::file::load:3","/home/adelgrin/.zplug/init.zsh:33","/home/adelgrin/.zshrc:1","zsh:0"],"date":"2025-11-12T10:29:49-0300"}
{"pid":3813,"shlvl":1,"level":"INFO","dir":"/home/adelgrin/git","message":"ZPLUG_LOADFILE is not found","trace":["__zplug::log::write::info:2","__zplug::io::file::load:3","/home/adelgrin/.zplug/init.zsh:33","/home/adelgrin/.zshrc:1","zsh:27"],"date":"2025-11-12T10:39:21-0300"}
{"pid":3813,"shlvl":1,"level":"INFO","dir":"/home/adelgrin/git","message":"ZPLUG_LOADFILE is not found","trace":["__zplug::log::write::info:2","__zplug::io::file::load:3","/home/adelgrin/.zplug/init.zsh:33","/home/adelgrin/.zshrc:1","zsh:28"],"date":"2025-11-12T10:41:19-0300"}
{"pid":3813,"shlvl":1,"level":"INFO","dir":"/home/adelgrin/git","message":"ZPLUG_LOADFILE is not found","trace":["__zplug::log::write::info:2","__zplug::io::file::load:3","/home/adelgrin/.zplug/init.zsh:33","/home/adelgrin/.zshrc:1","zsh:29"],"date":"2025-11-12T10:42:38-0300"}
{"pid":3813,"shlvl":1,"level":"INFO","dir":"/home/adelgrin/git","message":"ZPLUG_LOADFILE is not found","trace":["__zplug::log::write::info:2","__zplug::io::file::load:3","/home/adelgrin/.zplug/init.zsh:33","/home/adelgrin/.zshrc:1","zsh:30"],"date":"2025-11-12T10:43:00-0300"}
{"pid":3813,"shlvl":1,"level":"INFO","dir":"/home/adelgrin/git","message":"ZPLUG_LOADFILE is not found","trace":["__zplug::log::write::info:2","__zplug::io::file::load:3","/home/adelgrin/.zplug/init.zsh:33","/home/adelgrin/.zshrc:1","zsh:31"],"date":"2025-11-12T10:43:13-0300"}
{"pid":31964,"shlvl":1,"level":"INFO","dir":"/home/adelgrin","message":"ZPLUG_LOADFILE is not found","trace":["__zplug::log::write::info:2","__zplug::io::file::load:3","/home/adelgrin/.zplug/init.zsh:33","/home/adelgrin/.zshrc:1","zsh:0"],"date":"2025-11-12T10:46:00-0300"}
{"pid":32070,"shlvl":1,"level":"INFO","dir":"/home/adelgrin","message":"ZPLUG_LOADFILE is not found","trace":["__zplug::log::write::info:2","__zplug::io::file::load:3","/home/adelgrin/.zplug/init.zsh:33","/home/adelgrin/.zshrc:1","zsh:0"],"date":"2025-11-12T10:46:41-0300"}
{"pid":32959,"shlvl":2,"level":"INFO","dir":"/home/adelgrin","message":"ZPLUG_LOADFILE is not found","trace":["__zplug::log::write::info:2","__zplug::io::file::load:3","/home/adelgrin/.zplug/init.zsh:33","/home/adelgrin/.zshrc:1","zsh:0"],"date":"2025-11-12T10:52:59-0300"}
{"pid":43761,"shlvl":1,"level":"INFO","dir":"/home/adelgrin","message":"ZPLUG_LOADFILE is not found","trace":["__zplug::log::write::info:2","__zplug::io::file::load:3","/home/adelgrin/.zplug/init.zsh:33","/home/adelgrin/.zshrc:1","zsh:0"],"date":"2025-11-12T11:00:19-0300"}
{"pid":43859,"shlvl":1,"level":"INFO","dir":"/home/adelgrin","message":"ZPLUG_LOADFILE is not found","trace":["__zplug::log::write::info:2","__zplug::io::file::load:3","/home/adelgrin/.zplug/init.zsh:33","/home/adelgrin/.zshrc:1","zsh:0"],"date":"2025-11-12T11:00:34-0300"}
{"pid":44012,"shlvl":1,"level":"INFO","dir":"/home/adelgrin","message":"ZPLUG_LOADFILE is not found","trace":["__zplug::log::write::info:2","__zplug::io::file::load:3","/home/adelgrin/.zplug/init.zsh:33","/home/adelgrin/.zshrc:1","zsh:0"],"date":"2025-11-12T11:01:56-0300"}
{"pid":44147,"shlvl":1,"level":"INFO","dir":"/home/adelgrin","message":"ZPLUG_LOADFILE is not found","trace":["__zplug::log::write::info:2","__zplug::io::file::load:3","/home/adelgrin/.zplug/init.zsh:33","/home/adelgrin/.zshrc:1","zsh:0"],"date":"2025-11-12T11:03:17-0300"}
{"pid":44270,"shlvl":1,"level":"INFO","dir":"/home/adelgrin","message":"ZPLUG_LOADFILE is not found","trace":["__zplug::log::write::info:2","__zplug::io::file::load:3","/home/adelgrin/.zplug/init.zsh:33","/home/adelgrin/.zshrc:1","zsh:0"],"date":"2025-11-12T11:03:45-0300"}
{"pid":44270,"shlvl":1,"level":"INFO","dir":"/home/adelgrin","message":"ZPLUG_LOADFILE is not found","trace":["__zplug::log::write::info:2","__zplug::io::file::load:3","/home/adelgrin/.zplug/init.zsh:33","/home/adelgrin/.zshrc:1","zsh:0"],"date":"2025-11-12T11:03:49-0300"}
{"pid":44460,"shlvl":1,"level":"INFO","dir":"/home/adelgrin","message":"ZPLUG_LOADFILE is not found","trace":["__zplug::log::write::info:2","__zplug::io::file::load:3","/home/adelgrin/.zplug/init.zsh:33","/home/adelgrin/.zshrc:1","zsh:0"],"date":"2025-11-12T11:05:07-0300"}
{"pid":45536,"shlvl":2,"level":"INFO","dir":"/home/adelgrin/.local/share/chezmoi","message":"ZPLUG_LOADFILE is not found","trace":["__zplug::log::write::info:2","__zplug::io::file::load:3","/home/adelgrin/.zplug/init.zsh:33","/home/adelgrin/.zshrc:1","zsh:0"],"date":"2025-11-12T11:13:47-0300"}
{"pid":8459,"shlvl":1,"level":"INFO","dir":"/home/adelgrin","message":"ZPLUG_LOADFILE is not found","trace":["__zplug::log::write::info:2","__zplug::io::file::load:3","/home/adelgrin/.zplug/init.zsh:33","/home/adelgrin/.zshrc:1","zsh:0"],"date":"2025-11-12T20:52:18-0300"}
{"pid":50033,"shlvl":1,"level":"INFO","dir":"/home/adelgrin","message":"ZPLUG_LOADFILE is not found","trace":["__zplug::log::write::info:2","__zplug::io::file::load:3","/home/adelgrin/.zplug/init.zsh:33","/home/adelgrin/.zshrc:1","zsh:0"],"date":"2025-11-13T07:37:55-0300"}
{"pid":95509,"shlvl":1,"level":"INFO","dir":"/home/adelgrin","message":"ZPLUG_LOADFILE is not found","trace":["__zplug::log::write::info:2","__zplug::io::file::load:3","/home/adelgrin/.zplug/init.zsh:33","/home/adelgrin/.zshrc:1","zsh:0"],"date":"2025-11-13T07:39:03-0300"}
{"pid":107836,"shlvl":1,"level":"INFO","dir":"/home/adelgrin","message":"ZPLUG_LOADFILE is not found","trace":["__zplug::log::write::info:2","__zplug::io::file::load:3","/home/adelgrin/.zplug/init.zsh:33","/home/adelgrin/.zshrc:1","zsh:0"],"date":"2025-11-13T07:40:19-0300"}
{"pid":132121,"shlvl":1,"level":"INFO","dir":"/home/adelgrin","message":"ZPLUG_LOADFILE is not found","trace":["__zplug::log::write::info:2","__zplug::io::file::load:3","/home/adelgrin/.zplug/init.zsh:33","/home/adelgrin/.zshrc:1","zsh:0"],"date":"2025-11-13T09:40:49-0300"}
{"pid":133557,"shlvl":2,"level":"INFO","dir":"/home/adelgrin","message":"ZPLUG_LOADFILE is not found","trace":["__zplug::log::write::info:2","__zplug::io::file::load:3","/home/adelgrin/.zplug/init.zsh:33","/home/adelgrin/.zshrc:1","zsh:0"],"date":"2025-11-13T09:47:34-0300"}
{"pid":134101,"shlvl":2,"level":"INFO","dir":"/home/adelgrin","message":"ZPLUG_LOADFILE is not found","trace":["__zplug::log::write::info:2","__zplug::io::file::load:3","/home/adelgrin/.zplug/init.zsh:33","/home/adelgrin/.zshrc:1","zsh:0"],"date":"2025-11-13T09:47:40-0300"}
{"pid":134826,"shlvl":2,"level":"INFO","dir":"/home/adelgrin","message":"ZPLUG_LOADFILE is not found","trace":["__zplug::log::write::info:2","__zplug::io::file::load:3","/home/adelgrin/.zplug/init.zsh:33","/home/adelgrin/.zshrc:1","zsh:0"],"date":"2025-11-13T09:48:05-0300"}
{"pid":157217,"shlvl":1,"level":"INFO","dir":"/home/adelgrin","message":"ZPLUG_LOADFILE is not found","trace":["__zplug::log::write::info:2","__zplug::io::file::load:3","/home/adelgrin/.zplug/init.zsh:33","/home/adelgrin/.zshrc:1","zsh:0"],"date":"2025-11-13T09:59:52-0300"}
{"pid":157284,"shlvl":2,"level":"INFO","dir":"/home/adelgrin","message":"ZPLUG_LOADFILE is not found","trace":["__zplug::log::write::info:2","__zplug::io::file::load:3","/home/adelgrin/.zplug/init.zsh:33","/home/adelgrin/.zshrc:1","zsh:0"],"date":"2025-11-13T09:59:56-0300"}
{"pid":194815,"shlvl":2,"level":"INFO","dir":"/home/adelgrin","message":"ZPLUG_LOADFILE is not found","trace":["__zplug::log::write::info:2","__zplug::io::file::load:3","/home/adelgrin/.zplug/init.zsh:33","/home/adelgrin/.zshrc:1","zsh:0"],"date":"2025-11-13T10:11:21-0300"}
{"pid":219436,"shlvl":2,"level":"INFO","dir":"/home/adelgrin","message":"ZPLUG_LOADFILE is not found","trace":["__zplug::log::write::info:2","__zplug::io::file::load:3","/home/adelgrin/.zplug/init.zsh:33","/home/adelgrin/.zshrc:1","zsh:0"],"date":"2025-11-13T10:19:07-0300"}
{"pid":237973,"shlvl":2,"level":"INFO","dir":"/home/adelgrin","message":"ZPLUG_LOADFILE is not found","trace":["__zplug::log::write::info:2","__zplug::io::file::load:3","/home/adelgrin/.zplug/init.zsh:33","/home/adelgrin/.zshrc:1","zsh:0"],"date":"2025-11-13T10:22:01-0300"}
{"pid":388123,"shlvl":1,"level":"INFO","dir":"/home/adelgrin","message":"ZPLUG_LOADFILE is not found","trace":["__zplug::log::write::info:2","__zplug::io::file::load:3","/home/adelgrin/.zplug/init.zsh:33","/home/adelgrin/.zshrc:1","zsh:0"],"date":"2025-11-13T11:12:39-0300"}
{"pid":653687,"shlvl":2,"level":"INFO","dir":"/home/adelgrin","message":"ZPLUG_LOADFILE is not found","trace":["__zplug::log::write::info:2","__zplug::io::file::load:3","/home/adelgrin/.zplug/init.zsh:33","/home/adelgrin/.zshrc:1","zsh:0"],"date":"2025-11-13T12:47:30-0300"}
{"pid":659355,"shlvl":2,"level":"INFO","dir":"/home/adelgrin","message":"ZPLUG_LOADFILE is not found","trace":["__zplug::log::write::info:2","__zplug::io::file::load:3","/home/adelgrin/.zplug/init.zsh:33","/home/adelgrin/.zshrc:1","zsh:0"],"date":"2025-11-13T12:48:12-0300"}
{"pid":827229,"shlvl":1,"level":"INFO","dir":"/media/bigdata/home/adelgrin/Documents/camara/proposta_newRede","message":"ZPLUG_LOADFILE is not found","trace":["__zplug::log::write::info:2","__zplug::io::file::load:3","/home/adelgrin/.zplug/init.zsh:33","/home/adelgrin/.zshrc:1","zsh:0"],"date":"2025-11-13T13:48:04-0300"}
{"pid":1841,"shlvl":1,"level":"INFO","dir":"/home/adelgrin","message":"ZPLUG_LOADFILE is not found","trace":["__zplug::log::write::info:2","__zplug::io::file::load:3","/home/adelgrin/.zplug/init.zsh:33","/home/adelgrin/.zshrc:1","zsh:0"],"date":"2025-11-13T21:04:59-0300"}
{"pid":1964,"shlvl":2,"level":"INFO","dir":"/home/adelgrin","message":"ZPLUG_LOADFILE is not found","trace":["__zplug::log::write::info:2","__zplug::io::file::load:3","/home/adelgrin/.zplug/init.zsh:33","/home/adelgrin/.zshrc:1","zsh:0"],"date":"2025-11-13T21:05:04-0300"}
{"pid":8110,"shlvl":2,"level":"INFO","dir":"/home/adelgrin","message":"ZPLUG_LOADFILE is not found","trace":["__zplug::log::write::info:2","__zplug::io::file::load:3","/home/adelgrin/.zplug/init.zsh:33","/home/adelgrin/.zshrc:1","zsh:0"],"date":"2025-11-13T21:08:01-0300"}
{"pid":8654,"shlvl":2,"level":"INFO","dir":"/home/adelgrin","message":"ZPLUG_LOADFILE is not found","trace":["__zplug::log::write::info:2","__zplug::io::file::load:3","/home/adelgrin/.zplug/init.zsh:33","/home/adelgrin/.zshrc:1","zsh:0"],"date":"2025-11-13T21:08:09-0300"}
{"pid":2603,"shlvl":1,"level":"INFO","dir":"/home/adelgrin","message":"ZPLUG_LOADFILE is not found","trace":["__zplug::log::write::info:2","__zplug::io::file::load:3","/home/adelgrin/.zplug/init.zsh:33","/home/adelgrin/.zshrc:1","zsh:0"],"date":"2025-11-14T07:34:48-0300"}
{"pid":11354,"shlvl":1,"level":"INFO","dir":"/media/bigdata/home/adelgrin/Documents/camara/proposta_newRede","message":"ZPLUG_LOADFILE is not found","trace":["__zplug::log::write::info:2","__zplug::io::file::load:3","/home/adelgrin/.zplug/init.zsh:33","/home/adelgrin/.zshrc:1","zsh:0"],"date":"2025-11-14T08:15:27-0300"}
{"pid":14256,"shlvl":1,"level":"INFO","dir":"/media/bigdata/home/adelgrin/Documents/camara/proposta_newRede","message":"ZPLUG_LOADFILE is not found","trace":["__zplug::log::write::info:2","__zplug::io::file::load:3","/home/adelgrin/.zplug/init.zsh:33","/home/adelgrin/.zshrc:1","zsh:0"],"date":"2025-11-14T09:03:03-0300"}
{"pid":16143,"shlvl":1,"level":"INFO","dir":"/tmp/shred_test","message":"ZPLUG_LOADFILE is not found","trace":["__zplug::log::write::info:2","__zplug::io::file::load:3","/home/adelgrin/.zplug/init.zsh:33","/home/adelgrin/.zshrc:1","zsh:0"],"date":"2025-11-14T09:17:12-0300"}
{"pid":16332,"shlvl":1,"level":"INFO","dir":"/media/bigdata/home/adelgrin/Documents/camara/proposta_newRede","message":"ZPLUG_LOADFILE is not found","trace":["__zplug::log::write::info:2","__zplug::io::file::load:3","/home/adelgrin/.zplug/init.zsh:33","/home/adelgrin/.zshrc:1","zsh:0"],"date":"2025-11-14T09:17:53-0300"}
{"pid":29939,"shlvl":1,"level":"INFO","dir":"/media/bigdata/home/adelgrin/Documents/camara/proposta_newRede","message":"ZPLUG_LOADFILE is not found","trace":["__zplug::log::write::info:2","__zplug::io::file::load:3","/home/adelgrin/.zplug/init.zsh:33","/home/adelgrin/.zshrc:1","zsh:0"],"date":"2025-11-14T10:46:30-0300"}
{"pid":43595,"shlvl":1,"level":"INFO","dir":"/home/adelgrin","message":"ZPLUG_LOADFILE is not found","trace":["__zplug::log::write::info:2","__zplug::io::file::load:3","/home/adelgrin/.zplug/init.zsh:33","/home/adelgrin/.zshrc:1","zsh:0"],"date":"2025-11-14T12:36:47-0300"}
{"pid":43684,"shlvl":2,"level":"INFO","dir":"/home/adelgrin","message":"ZPLUG_LOADFILE is not found","trace":["__zplug::log::write::info:2","__zplug::io::file::load:3","/home/adelgrin/.zplug/init.zsh:33","/home/adelgrin/.zshrc:1","zsh:0"],"date":"2025-11-14T12:36:49-0300"}
{"pid":44731,"shlvl":2,"level":"INFO","dir":"/home/adelgrin","message":"ZPLUG_LOADFILE is not found","trace":["__zplug::log::write::info:2","__zplug::io::file::load:3","/home/adelgrin/.zplug/init.zsh:33","/home/adelgrin/.zshrc:1","zsh:0"],"date":"2025-11-14T12:36:59-0300"}
{"pid":46500,"shlvl":1,"level":"INFO","dir":"/media/bigdata/home/adelgrin/Documents/camara/proposta_newRede","message":"ZPLUG_LOADFILE is not found","trace":["__zplug::log::write::info:2","__zplug::io::file::load:3","/home/adelgrin/.zplug/init.zsh:33","/home/adelgrin/.zshrc:1","zsh:0"],"date":"2025-11-14T12:37:45-0300"}
{"pid":3582,"shlvl":1,"level":"INFO","dir":"/home/adelgrin","message":"ZPLUG_LOADFILE is not found","trace":["__zplug::log::write::info:2","__zplug::io::file::load:3","/home/adelgrin/.zplug/init.zsh:33","/home/adelgrin/.zshrc:1","zsh:0"],"date":"2025-11-15T12:09:03-0300"}
{"pid":3089,"shlvl":1,"level":"INFO","dir":"/home/adelgrin","message":"ZPLUG_LOADFILE is not found","trace":["__zplug::log::write::info:2","__zplug::io::file::load:3","/home/adelgrin/.zplug/init.zsh:33","/home/adelgrin/.zshrc:1","zsh:0"],"date":"2025-11-17T07:48:16-0300"}
{"pid":3558,"shlvl":1,"level":"INFO","dir":"/home/adelgrin","message":"ZPLUG_LOADFILE is not found","trace":["__zplug::log::write::info:2","__zplug::io::file::load:3","/home/adelgrin/.zplug/init.zsh:33","/home/adelgrin/.zshrc:1","zsh:0"],"date":"2025-11-17T07:48:56-0300"}
{"pid":3589,"shlvl":1,"level":"INFO","dir":"/home/adelgrin","message":"ZPLUG_LOADFILE is not found","trace":["__zplug::log::write::info:2","__zplug::io::file::load:3","/home/adelgrin/.zplug/init.zsh:33","/home/adelgrin/.zshrc:1","zsh:0"],"date":"2025-11-17T07:48:56-0300"}
{"pid":3677,"shlvl":1,"level":"INFO","dir":"/home/adelgrin","message":"ZPLUG_LOADFILE is not found","trace":["__zplug::log::write::info:2","__zplug::io::file::load:3","/home/adelgrin/.zplug/init.zsh:33","/home/adelgrin/.zshrc:1","zsh:0"],"date":"2025-11-17T07:49:01-0300"}
{"pid":3773,"shlvl":1,"level":"INFO","dir":"/home/adelgrin","message":"ZPLUG_LOADFILE is not found","trace":["__zplug::log::write::info:2","__zplug::io::file::load:3","/home/adelgrin/.zplug/init.zsh:33","/home/adelgrin/.zshrc:1","zsh:0"],"date":"2025-11-17T07:49:12-0300"}
{"pid":39323,"shlvl":2,"level":"INFO","dir":"/home/adelgrin","message":"ZPLUG_LOADFILE is not found","trace":["__zplug::log::write::info:2","__zplug::io::file::load:3","/home/adelgrin/.zplug/init.zsh:33","/home/adelgrin/.zshrc:1","zsh:0"],"date":"2025-11-17T09:19:48-0300"}
{"pid":40158,"shlvl":2,"level":"INFO","dir":"/home/adelgrin","message":"ZPLUG_LOADFILE is not found","trace":["__zplug::log::write::info:2","__zplug::io::file::load:3","/home/adelgrin/.zplug/init.zsh:33","/home/adelgrin/.zshrc:1","zsh:0"],"date":"2025-11-17T09:21:44-0300"}
{"pid":3089,"shlvl":1,"level":"INFO","dir":"/usr/share","message":"ZPLUG_LOADFILE is not found","trace":["__zplug::log::write::info:2","__zplug::io::file::load:3","/home/adelgrin/.zplug/init.zsh:33","/home/adelgrin/.zshrc:1","zsh:34"],"date":"2025-11-17T09:28:52-0300"}
{"pid":3089,"shlvl":1,"level":"INFO","dir":"/home/adelgrin","message":"ZPLUG_LOADFILE is not found","trace":["__zplug::log::write::info:2","__zplug::io::file::load:3","/home/adelgrin/.zplug/init.zsh:33","/home/adelgrin/.zshrc:1","zsh:46"],"date":"2025-11-17T09:30:02-0300"}
{"pid":64333,"shlvl":1,"level":"INFO","dir":"/home/adelgrin","message":"ZPLUG_LOADFILE is not found","trace":["__zplug::log::write::info:2","__zplug::io::file::load:3","/home/adelgrin/.zplug/init.zsh:33","/home/adelgrin/.zshrc:1","zsh:0"],"date":"2025-11-17T10:48:07-0300"}
{"pid":64522,"shlvl":1,"level":"INFO","dir":"/home/adelgrin","message":"ZPLUG_LOADFILE is not found","trace":["__zplug::log::write::info:2","__zplug::io::file::load:3","/home/adelgrin/.zplug/init.zsh:33","/home/adelgrin/.zshrc:1","zsh:0"],"date":"2025-11-17T10:48:24-0300"}
{"pid":75819,"shlvl":1,"level":"INFO","dir":"/media/bigdata/home/adelgrin/teste_pedrive","message":"ZPLUG_LOADFILE is not found","trace":["__zplug::log::write::info:2","__zplug::io::file::load:3","/home/adelgrin/.zplug/init.zsh:33","/home/adelgrin/.zshrc:1","zsh:0"],"date":"2025-11-17T11:34:57-0300"}
{"pid":84156,"shlvl":1,"level":"INFO","dir":"/media/bigdata/home/adelgrin/Downloads","message":"ZPLUG_LOADFILE is not found","trace":["__zplug::log::write::info:2","__zplug::io::file::load:3","/home/adelgrin/.zplug/init.zsh:33","/home/adelgrin/.zshrc:1","zsh:0"],"date":"2025-11-17T12:10:55-0300"}
{"pid":105294,"shlvl":2,"level":"INFO","dir":"/home/adelgrin/.local/share/chezmoi","message":"ZPLUG_LOADFILE is not found","trace":["__zplug::log::write::info:2","__zplug::io::file::load:3","/home/adelgrin/.zplug/init.zsh:33","/home/adelgrin/.zshrc:1","zsh:0"],"date":"2025-11-17T12:56:40-0300"}
{"pid":84156,"shlvl":1,"level":"INFO","dir":"/home/adelgrin/.config","message":"ZPLUG_LOADFILE is not found","trace":["__zplug::log::write::info:2","__zplug::io::file::load:3","/home/adelgrin/.zplug/init.zsh:33","/home/adelgrin/.zshrc:1","zsh:63"],"date":"2025-11-17T13:38:53-0300"}
{"pid":2890,"shlvl":1,"level":"INFO","dir":"/home/adelgrin","message":"ZPLUG_LOADFILE is not found","trace":["__zplug::log::write::info:2","__zplug::io::file::load:3","/home/adelgrin/.zplug/init.zsh:33","/home/adelgrin/.zshrc:1","zsh:0"],"date":"2025-11-18T07:51:39-0300"}
{"pid":5164,"shlvl":1,"level":"INFO","dir":"/home/adelgrin","message":"ZPLUG_LOADFILE is not found","trace":["__zplug::log::write::info:2","__zplug::io::file::load:3","/home/adelgrin/.zplug/init.zsh:33","/home/adelgrin/.zshrc:1","zsh:0"],"date":"2025-11-18T07:58:38-0300"}
{"pid":38599,"shlvl":1,"level":"INFO","dir":"/home/adelgrin","message":"ZPLUG_LOADFILE is not found","trace":["__zplug::log::write::info:2","__zplug::io::file::load:3","/home/adelgrin/.zplug/init.zsh:33","/home/adelgrin/.zshrc:1","zsh:0"],"date":"2025-11-18T10:09:58-0300"}
{"pid":51823,"shlvl":2,"level":"INFO","dir":"/home/adelgrin/Documents/overthewire/bandit","message":"ZPLUG_LOADFILE is not found","trace":["__zplug::log::write::info:2","__zplug::io::file::load:3","/home/adelgrin/.zplug/init.zsh:33","/home/adelgrin/.zshrc:1","zsh:0"],"date":"2025-11-18T10:59:58-0300"}
{"pid":80440,"shlvl":1,"level":"INFO","dir":"/home/adelgrin","message":"ZPLUG_LOADFILE is not found","trace":["__zplug::log::write::info:2","__zplug::io::file::load:3","/home/adelgrin/.zplug/init.zsh:33","/home/adelgrin/.zshrc:1","zsh:0"],"date":"2025-11-18T12:32:07-0300"}
{"pid":89453,"shlvl":1,"level":"INFO","dir":"/home/adelgrin","message":"ZPLUG_LOADFILE is not found","trace":["__zplug::log::write::info:2","__zplug::io::file::load:3","/home/adelgrin/.zplug/init.zsh:33","/home/adelgrin/.zshrc:1","zsh:0"],"date":"2025-11-18T12:55:41-0300"}
{"pid":89516,"shlvl":1,"level":"INFO","dir":"/media/bigdata/home/adelgrin/git/cc6240/aulas","message":"ZPLUG_LOADFILE is not found","trace":["__zplug::log::write::info:2","__zplug::io::file::load:3","/home/adelgrin/.zplug/init.zsh:33","/home/adelgrin/.zshrc:1","zsh:0"],"date":"2025-11-18T12:55:45-0300"}
{"pid":1926,"shlvl":1,"level":"INFO","dir":"/home/adelgrin","message":"ZPLUG_LOADFILE is not found","trace":["__zplug::log::write::info:2","__zplug::io::file::load:3","/home/adelgrin/.zplug/init.zsh:33","/home/adelgrin/.zshrc:1","zsh:0"],"date":"2025-11-18T18:15:36-0300"}
{"pid":1972,"shlvl":2,"level":"INFO","dir":"/media/bigdata/home/adelgrin/Documents/GitHub/banco_de_dados2","message":"ZPLUG_LOADFILE is not found","trace":["__zplug::log::write::info:2","__zplug::io::file::load:3","/home/adelgrin/.zplug/init.zsh:33","/home/adelgrin/.zshrc:1","zsh:0"],"date":"2025-11-18T18:16:11-0300"}
{"pid":2164,"shlvl":1,"level":"INFO","dir":"/home/adelgrin","message":"ZPLUG_LOADFILE is not found","trace":["__zplug::log::write::info:2","__zplug::io::file::load:3","/home/adelgrin/.zplug/init.zsh:33","/home/adelgrin/.zshrc:1","zsh:0"],"date":"2025-11-18T18:17:16-0300"}
{"pid":3191,"shlvl":1,"level":"INFO","dir":"/home/adelgrin","message":"ZPLUG_LOADFILE is not found","trace":["__zplug::log::write::info:2","__zplug::io::file::load:3","/home/adelgrin/.zplug/init.zsh:33","/home/adelgrin/.zshrc:1","zsh:0"],"date":"2025-11-18T18:19:27-0300"}
{"pid":4422,"shlvl":1,"level":"INFO","dir":"/home/adelgrin","message":"ZPLUG_LOADFILE is not found","trace":["__zplug::log::write::info:2","__zplug::io::file::load:3","/home/adelgrin/.zplug/init.zsh:33","/home/adelgrin/.zshrc:1","zsh:0"],"date":"2025-11-18T18:26:37-0300"}
{"pid":1888,"shlvl":1,"level":"INFO","dir":"/home/adelgrin","message":"ZPLUG_LOADFILE is not found","trace":["__zplug::log::write::info:2","__zplug::io::file::load:3","/home/adelgrin/.zplug/init.zsh:33","/home/adelgrin/.zshrc:1","zsh:0"],"date":"2025-11-18T18:34:13-0300"}
{"pid":2417,"shlvl":2,"level":"INFO","dir":"/home/adelgrin/.local/share/chezmoi","message":"ZPLUG_LOADFILE is not found","trace":["__zplug::log::write::info:2","__zplug::io::file::load:3","/home/adelgrin/.zplug/init.zsh:33","/home/adelgrin/.zshrc:1","zsh:0"],"date":"2025-11-18T18:35:57-0300"}
{"pid":2831,"shlvl":1,"level":"INFO","dir":"/home/adelgrin","message":"ZPLUG_LOADFILE is not found","trace":["__zplug::log::write::info:2","__zplug::io::file::load:3","/home/adelgrin/.zplug/init.zsh:33","/home/adelgrin/.zshrc:1","zsh:0"],"date":"2025-11-19T07:33:47-0300"}
{"pid":3000,"shlvl":1,"level":"INFO","dir":"/home/adelgrin","message":"ZPLUG_LOADFILE is not found","trace":["__zplug::log::write::info:2","__zplug::io::file::load:3","/home/adelgrin/.zplug/init.zsh:33","/home/adelgrin/.zshrc:1","zsh:0"],"date":"2025-11-19T07:33:58-0300"}
{"pid":19456,"shlvl":1,"level":"INFO","dir":"/home/adelgrin","message":"ZPLUG_LOADFILE is not found","trace":["__zplug::log::write::info:2","__zplug::io::file::load:3","/home/adelgrin/.zplug/init.zsh:33","/home/adelgrin/.zshrc:1","zsh:0"],"date":"2025-11-19T08:35:57-0300"}
{"pid":89900,"shlvl":1,"level":"INFO","dir":"/media/bigdata/home/adelgrin/Documents/GitHub/banco_de_dados2","message":"ZPLUG_LOADFILE is not found","trace":["__zplug::log::write::info:2","__zplug::io::file::load:3","/home/adelgrin/.zplug/init.zsh:33","/home/adelgrin/.zshrc:1","zsh:0"],"date":"2025-11-19T09:57:19-0300"}
{"pid":2831,"shlvl":1,"level":"INFO","dir":"/home/adelgrin/Documents/GitHub/banco_de_dados2","message":"ZPLUG_LOADFILE is not found","trace":["__zplug::log::write::info:2","__zplug::io::file::load:3","/home/adelgrin/.zplug/init.zsh:33","/home/adelgrin/.zshrc:1","zsh:38"],"date":"2025-11-19T12:07:25-0300"}
{"pid":144598,"shlvl":1,"level":"INFO","dir":"/home/adelgrin","message":"ZPLUG_LOADFILE is not found","trace":["__zplug::log::write::info:2","__zplug::io::file::load:3","/home/adelgrin/.zplug/init.zsh:33","/home/adelgrin/.zshrc:1","zsh:0"],"date":"2025-11-19T13:36:07-0300"}
{"pid":144728,"shlvl":1,"level":"INFO","dir":"/home/adelgrin","message":"ZPLUG_LOADFILE is not found","trace":["__zplug::log::write::info:2","__zplug::io::file::load:3","/home/adelgrin/.zplug/init.zsh:33","/home/adelgrin/.zshrc:1","zsh:0"],"date":"2025-11-19T13:36:08-0300"}
{"pid":2816,"shlvl":1,"level":"INFO","dir":"/home/adelgrin","message":"ZPLUG_LOADFILE is not found","trace":["__zplug::log::write::info:2","__zplug::io::file::load:3","/home/adelgrin/.zplug/init.zsh:33","/home/adelgrin/.zshrc:1","zsh:0"],"date":"2025-11-24T07:56:02-0300"}
{"pid":6043,"shlvl":1,"level":"INFO","dir":"/home/adelgrin","message":"ZPLUG_LOADFILE is not found","trace":["__zplug::log::write::info:2","__zplug::io::file::load:3","/home/adelgrin/.zplug/init.zsh:33","/home/adelgrin/.zshrc:1","zsh:0"],"date":"2025-11-24T08:00:09-0300"}
{"pid":39488,"shlvl":2,"level":"INFO","dir":"/media/bigdata/home/adelgrin/Documents/GitHub","message":"ZPLUG_LOADFILE is not found","trace":["__zplug::log::write::info:2","__zplug::io::file::load:3","/home/adelgrin/.zplug/init.zsh:33","/home/adelgrin/.zshrc:1","zsh:0"],"date":"2025-11-24T11:30:59-0300"}
{"pid":45860,"shlvl":1,"level":"INFO","dir":"/home/adelgrin","message":"ZPLUG_LOADFILE is not found","trace":["__zplug::log::write::info:2","__zplug::io::file::load:3","/home/adelgrin/.zplug/init.zsh:33","/home/adelgrin/.zshrc:1","zsh:0"],"date":"2025-11-24T12:22:05-0300"}
{"pid":45964,"shlvl":1,"level":"INFO","dir":"/home/adelgrin","message":"ZPLUG_LOADFILE is not found","trace":["__zplug::log::write::info:2","__zplug::io::file::load:3","/home/adelgrin/.zplug/init.zsh:33","/home/adelgrin/.zshrc:1","zsh:0"],"date":"2025-11-24T12:22:32-0300"}
{"pid":47268,"shlvl":1,"level":"INFO","dir":"/home/adelgrin","message":"ZPLUG_LOADFILE is not found","trace":["__zplug::log::write::info:2","__zplug::io::file::load:3","/home/adelgrin/.zplug/init.zsh:33","/home/adelgrin/.zshrc:1","zsh:0"],"date":"2025-11-24T12:33:09-0300"}
{"pid":54788,"shlvl":1,"level":"INFO","dir":"/media/bigdata/home/adelgrin/Documents/camara","message":"ZPLUG_LOADFILE is not found","trace":["__zplug::log::write::info:2","__zplug::io::file::load:3","/home/adelgrin/.zplug/init.zsh:33","/home/adelgrin/.zshrc:1","zsh:0"],"date":"2025-11-24T13:54:44-0300"}
{"pid":55010,"shlvl":2,"level":"INFO","dir":"/media/bigdata/home/adelgrin/Documents/camara","message":"ZPLUG_LOADFILE is not found","trace":["__zplug::log::write::info:2","__zplug::io::file::load:3","/home/adelgrin/.zplug/init.zsh:33","/home/adelgrin/.zshrc:1","zsh:0"],"date":"2025-11-24T13:55:15-0300"}
{"pid":55447,"shlvl":2,"level":"INFO","dir":"/home/adelgrin/.local/share/chezmoi","message":"ZPLUG_LOADFILE is not found","trace":["__zplug::log::write::info:2","__zplug::io::file::load:3","/home/adelgrin/.zplug/init.zsh:33","/home/adelgrin/.zshrc:1","zsh:0"],"date":"2025-11-24T13:57:49-0300"}
{"pid":55883,"shlvl":3,"level":"INFO","dir":"/home/adelgrin/.local/share/chezmoi","message":"ZPLUG_LOADFILE is not found","trace":["__zplug::log::write::info:2","__zplug::io::file::load:3","/home/adelgrin/.zplug/init.zsh:33","/home/adelgrin/.zshrc:1","zsh:0"],"date":"2025-11-24T13:59:14-0300"}
{"pid":5178,"shlvl":1,"level":"INFO","dir":"/home/adelgrin","message":"ZPLUG_LOADFILE is not found","trace":["__zplug::log::write::info:2","__zplug::io::file::load:3","/home/adelgrin/.zplug/init.zsh:33","/home/adelgrin/.zshrc:1","zsh:0"],"date":"2025-11-25T08:01:15-0300"}
{"pid":7534,"shlvl":1,"level":"INFO","dir":"/home/adelgrin","message":"ZPLUG_LOADFILE is not found","trace":["__zplug::log::write::info:2","__zplug::io::file::load:3","/home/adelgrin/.zplug/init.zsh:33","/home/adelgrin/.zshrc:1","zsh:0"],"date":"2025-11-25T08:05:56-0300"}
{"pid":7534,"shlvl":1,"level":"INFO","dir":"/home/adelgrin","message":"ZPLUG_LOADFILE is not found","trace":["__zplug::log::write::info:2","__zplug::io::file::load:3","/home/adelgrin/.zplug/init.zsh:33","/home/adelgrin/.zshrc:1","zsh:7"],"date":"2025-11-25T08:49:33-0300"}
{"pid":7534,"shlvl":1,"level":"INFO","dir":"/home/adelgrin","message":"ZPLUG_LOADFILE is not found","trace":["__zplug::log::write::info:2","__zplug::io::file::load:3","/home/adelgrin/.zplug/init.zsh:33","/home/adelgrin/.zshrc:1","zsh:8"],"date":"2025-11-25T08:49:51-0300"}
{"pid":7534,"shlvl":1,"level":"INFO","dir":"/home/adelgrin","message":"ZPLUG_LOADFILE is not found","trace":["__zplug::log::write::info:2","__zplug::io::file::load:3","/home/adelgrin/.zplug/init.zsh:33","/home/adelgrin/.zshrc:1","zsh:10"],"date":"2025-11-25T08:50:09-0300"}
{"pid":7534,"shlvl":1,"level":"INFO","dir":"/home/adelgrin","message":"ZPLUG_LOADFILE is not found","trace":["__zplug::log::write::info:2","__zplug::io::file::load:3","/home/adelgrin/.zplug/init.zsh:33","/home/adelgrin/.zshrc:1","zsh:14"],"date":"2025-11-25T08:52:59-0300"}
{"pid":7534,"shlvl":1,"level":"INFO","dir":"/home/adelgrin","message":"ZPLUG_LOADFILE is not found","trace":["__zplug::log::write::info:2","__zplug::io::file::load:3","/home/adelgrin/.zplug/init.zsh:33","/home/adelgrin/.zshrc:1","zsh:16"],"date":"2025-11-25T08:53:25-0300"}
{"pid":7534,"shlvl":1,"level":"INFO","dir":"/home/adelgrin","message":"ZPLUG_LOADFILE is not found","trace":["__zplug::log::write::info:2","__zplug::io::file::load:3","/home/adelgrin/.zplug/init.zsh:33","/home/adelgrin/.zshrc:1","zsh:18"],"date":"2025-11-25T08:54:05-0300"}
{"pid":7534,"shlvl":1,"level":"INFO","dir":"/home/adelgrin","message":"ZPLUG_LOADFILE is not found","trace":["__zplug::log::write::info:2","__zplug::io::file::load:3","/home/adelgrin/.zplug/init.zsh:33","/home/adelgrin/.zshrc:1","zsh:25"],"date":"2025-11-25T08:55:28-0300"}
{"pid":7534,"shlvl":1,"level":"INFO","dir":"/home/adelgrin","message":"ZPLUG_LOADFILE is not found","trace":["__zplug::log::write::info:2","__zplug::io::file::load:3","/home/adelgrin/.zplug/init.zsh:33","/home/adelgrin/.zshrc:1","zsh:29"],"date":"2025-11-25T08:57:04-0300"}
{"pid":7534,"shlvl":1,"level":"INFO","dir":"/home/adelgrin","message":"ZPLUG_LOADFILE is not found","trace":["__zplug::log::write::info:2","__zplug::io::file::load:3","/home/adelgrin/.zplug/init.zsh:33","/home/adelgrin/.zshrc:1","zsh:32"],"date":"2025-11-25T08:59:03-0300"}
{"pid":7534,"shlvl":1,"level":"INFO","dir":"/home/adelgrin","message":"ZPLUG_LOADFILE is not found","trace":["__zplug::log::write::info:2","__zplug::io::file::load:3","/home/adelgrin/.zplug/init.zsh:33","/home/adelgrin/.zshrc:1","zsh:34"],"date":"2025-11-25T08:59:20-0300"}
{"pid":19912,"shlvl":2,"level":"INFO","dir":"/home/adelgrin/.local/share/chezmoi","message":"ZPLUG_LOADFILE is not found","trace":["__zplug::log::write::info:2","__zplug::io::file::load:3","/home/adelgrin/.zplug/init.zsh:33","/home/adelgrin/.zshrc:1","zsh:0"],"date":"2025-11-25T09:00:02-0300"}
{"pid":19912,"shlvl":2,"level":"INFO","dir":"/home/adelgrin","message":"ZPLUG_LOADFILE is not found","trace":["__zplug::log::write::info:2","__zplug::io::file::load:3","/home/adelgrin/.zplug/init.zsh:33","/home/adelgrin/.zshrc:1","zsh:8"],"date":"2025-11-25T09:05:30-0300"}
{"pid":19912,"shlvl":2,"level":"INFO","dir":"/home/adelgrin","message":"ZPLUG_LOADFILE is not found","trace":["__zplug::log::write::info:2","__zplug::io::file::load:3","/home/adelgrin/.zplug/init.zsh:33","/home/adelgrin/.zshrc:1","zsh:12"],"date":"2025-11-25T09:06:17-0300"}
{"pid":19912,"shlvl":2,"level":"INFO","dir":"/home/adelgrin/somewhere","message":"ZPLUG_LOADFILE is not found","trace":["__zplug::log::write::info:2","__zplug::io::file::load:3","/home/adelgrin/.zplug/init.zsh:33","/home/adelgrin/.zshrc:1","zsh:22"],"date":"2025-11-25T09:14:30-0300"}
{"pid":19912,"shlvl":2,"level":"INFO","dir":"/home/adelgrin/somewhere","message":"ZPLUG_LOADFILE is not found","trace":["__zplug::log::write::info:2","__zplug::io::file::load:3","/home/adelgrin/.zplug/init.zsh:33","/home/adelgrin/.zshrc:1","zsh:23"],"date":"2025-11-25T09:15:23-0300"}
{"pid":19912,"shlvl":2,"level":"INFO","dir":"/home/adelgrin/somewhere","message":"ZPLUG_LOADFILE is not found","trace":["__zplug::log::write::info:2","__zplug::io::file::load:3","/home/adelgrin/.zplug/init.zsh:33","/home/adelgrin/.zshrc:1","zsh:24"],"date":"2025-11-25T09:15:37-0300"}
{"pid":19912,"shlvl":2,"level":"INFO","dir":"/home/adelgrin/somewhere","message":"ZPLUG_LOADFILE is not found","trace":["__zplug::log::write::info:2","__zplug::io::file::load:3","/home/adelgrin/.zplug/init.zsh:33","/home/adelgrin/.zshrc:1","zsh:25"],"date":"2025-11-25T09:15:56-0300"}
{"pid":21550,"shlvl":3,"level":"INFO","dir":"/home/adelgrin/.local/share/chezmoi","message":"ZPLUG_LOADFILE is not found","trace":["__zplug::log::write::info:2","__zplug::io::file::load:3","/home/adelgrin/.zplug/init.zsh:33","/home/adelgrin/.zshrc:1","zsh:0"],"date":"2025-11-25T09:17:10-0300"}
{"pid":21550,"shlvl":3,"level":"INFO","dir":"/home/adelgrin/.local/share/chezmoi","message":"ZPLUG_LOADFILE is not found","trace":["__zplug::log::write::info:2","__zplug::io::file::load:3","/home/adelgrin/.zplug/init.zsh:33","/home/adelgrin/.zshrc:1","zsh:5"],"date":"2025-11-25T09:24:27-0300"}
{"pid":21550,"shlvl":3,"level":"INFO","dir":"/home/adelgrin/.local/share/chezmoi","message":"ZPLUG_LOADFILE is not found","trace":["__zplug::log::write::info:2","__zplug::io::file::load:3","/home/adelgrin/.zplug/init.zsh:33","/home/adelgrin/.zshrc:1","zsh:6"],"date":"2025-11-25T09:27:10-0300"}
{"pid":21550,"shlvl":3,"level":"INFO","dir":"/home/adelgrin/.local/share/chezmoi","message":"ZPLUG_LOADFILE is not found","trace":["__zplug::log::write::info:2","__zplug::io::file::load:3","/home/adelgrin/.zplug/init.zsh:33","/home/adelgrin/.zshrc:1","zsh:10"],"date":"2025-11-25T09:28:25-0300"}
{"pid":21550,"shlvl":3,"level":"INFO","dir":"/home/adelgrin/.local/share/chezmoi","message":"ZPLUG_LOADFILE is not found","trace":["__zplug::log::write::info:2","__zplug::io::file::load:3","/home/adelgrin/.zplug/init.zsh:33","/home/adelgrin/.zshrc:1","zsh:15"],"date":"2025-11-25T09:29:14-0300"}
{"pid":21550,"shlvl":3,"level":"INFO","dir":"/home/adelgrin/.local/share/chezmoi","message":"ZPLUG_LOADFILE is not found","trace":["__zplug::log::write::info:2","__zplug::io::file::load:3","/home/adelgrin/.zplug/init.zsh:33","/home/adelgrin/.zshrc:1","zsh:17"],"date":"2025-11-25T09:29:27-0300"}
{"pid":21550,"shlvl":3,"level":"INFO","dir":"/home/adelgrin","message":"ZPLUG_LOADFILE is not found","trace":["__zplug::log::write::info:2","__zplug::io::file::load:3","/home/adelgrin/.zplug/init.zsh:33","/home/adelgrin/.zshrc:1","zsh:22"],"date":"2025-11-25T09:30:02-0300"}
{"pid":21550,"shlvl":3,"level":"INFO","dir":"/home/adelgrin","message":"ZPLUG_LOADFILE is not found","trace":["__zplug::log::write::info:2","__zplug::io::file::load:3","/home/adelgrin/.zplug/init.zsh:33","/home/adelgrin/.zshrc:1","zsh:26"],"date":"2025-11-25T09:32:14-0300"}
{"pid":21550,"shlvl":3,"level":"INFO","dir":"/home/adelgrin","message":"ZPLUG_LOADFILE is not found","trace":["__zplug::log::write::info:2","__zplug::io::file::load:3","/home/adelgrin/.zplug/init.zsh:33","/home/adelgrin/.zshrc:1","zsh:30"],"date":"2025-11-25T09:32:48-0300"}
{"pid":21550,"shlvl":3,"level":"INFO","dir":"/home/adelgrin","message":"ZPLUG_LOADFILE is not found","trace":["__zplug::log::write::info:2","__zplug::io::file::load:3","/home/adelgrin/.zplug/init.zsh:33","/home/adelgrin/.zshrc:1","zsh:33"],"date":"2025-11-25T09:37:07-0300"}
{"pid":25480,"shlvl":4,"level":"INFO","dir":"/home/adelgrin/.local/share/chezmoi","message":"ZPLUG_LOADFILE is not found","trace":["__zplug::log::write::info:2","__zplug::io::file::load:3","/home/adelgrin/.zplug/init.zsh:33","/home/adelgrin/.zshrc:1","zsh:0"],"date":"2025-11-25T09:51:22-0300"}
{"pid":26059,"shlvl":5,"level":"INFO","dir":"/home/adelgrin/.local/share/chezmoi","message":"ZPLUG_LOADFILE is not found","trace":["__zplug::log::write::info:2","__zplug::io::file::load:3","/home/adelgrin/.zplug/init.zsh:33","/home/adelgrin/.zshrc:1","zsh:0"],"date":"2025-11-25T09:59:17-0300"}
{"pid":28118,"shlvl":6,"level":"INFO","dir":"/home/adelgrin/.local/share/chezmoi","message":"ZPLUG_LOADFILE is not found","trace":["__zplug::log::write::info:2","__zplug::io::file::load:3","/home/adelgrin/.zplug/init.zsh:33","/home/adelgrin/.zshrc:1","zsh:0"],"date":"2025-11-25T10:16:01-0300"}
{"pid":29260,"shlvl":7,"level":"INFO","dir":"/home/adelgrin/.local/share/chezmoi","message":"ZPLUG_LOADFILE is not found","trace":["__zplug::log::write::info:2","__zplug::io::file::load:3","/home/adelgrin/.zplug/init.zsh:33","/home/adelgrin/.zshrc:1","zsh:0"],"date":"2025-11-25T10:21:54-0300"}
{"pid":5178,"shlvl":1,"level":"INFO","dir":"/home/adelgrin","message":"ZPLUG_LOADFILE is not found","trace":["__zplug::log::write::info:2","__zplug::io::file::load:3","/home/adelgrin/.zplug/init.zsh:33","/home/adelgrin/.zshrc:1","zsh:7"],"date":"2025-11-25T10:34:55-0300"}
{"pid":32342,"shlvl":1,"level":"INFO","dir":"/home/adelgrin","message":"ZPLUG_LOADFILE is not found","trace":["__zplug::log::write::info:2","__zplug::io::file::load:3","/home/adelgrin/.zplug/init.zsh:33","/home/adelgrin/.zshrc:1","zsh:0"],"date":"2025-11-25T10:38:12-0300"}
{"pid":34404,"shlvl":2,"level":"INFO","dir":"/home/adelgrin/Documents","message":"ZPLUG_LOADFILE is not found","trace":["__zplug::log::write::info:2","__zplug::io::file::load:3","/home/adelgrin/.zplug/init.zsh:33","/home/adelgrin/.zshrc:1","zsh:0"],"date":"2025-11-25T10:44:33-0300"}
{"pid":35843,"shlvl":1,"level":"INFO","dir":"/media/bigdata/home/adelgrin/Documents","message":"ZPLUG_LOADFILE is not found","trace":["__zplug::log::write::info:2","__zplug::io::file::load:3","/home/adelgrin/.zplug/init.zsh:33","/home/adelgrin/.zshrc:1","zsh:0"],"date":"2025-11-25T10:49:43-0300"}
{"pid":28118,"shlvl":6,"level":"INFO","dir":"/home/adelgrin","message":"turn monitor on","trace":["__zplug::log::write::info:2","__zplug::job::polling::periodic:9","/usr/bin/zsh:8"],"date":"2025-11-25T11:01:07-0300"}
{"pid":26059,"shlvl":5,"level":"INFO","dir":"/home/adelgrin/git/cc6240","message":"turn monitor on","trace":["__zplug::log::write::info:2","__zplug::job::polling::periodic:9","/usr/bin/zsh:22"],"date":"2025-11-25T11:01:07-0300"}
{"pid":25480,"shlvl":4,"level":"INFO","dir":"/home/adelgrin","message":"turn monitor on","trace":["__zplug::log::write::info:2","__zplug::job::polling::periodic:9","/usr/bin/zsh:16"],"date":"2025-11-25T11:01:07-0300"}
{"pid":21550,"shlvl":3,"level":"INFO","dir":"/home/adelgrin","message":"turn monitor on","trace":["__zplug::log::write::info:2","__zplug::job::polling::periodic:9","/usr/bin/zsh:36"],"date":"2025-11-25T11:01:08-0300"}
{"pid":19912,"shlvl":2,"level":"INFO","dir":"/home/adelgrin","message":"turn monitor on","trace":["__zplug::log::write::info:2","__zplug::job::polling::periodic:9","/usr/bin/zsh:32"],"date":"2025-11-25T11:01:08-0300"}
{"pid":39484,"shlvl":1,"level":"INFO","dir":"/home/adelgrin","message":"ZPLUG_LOADFILE is not found","trace":["__zplug::log::write::info:2","__zplug::io::file::load:3","/home/adelgrin/.zplug/init.zsh:33","/home/adelgrin/.zshrc:1","zsh:0"],"date":"2025-11-25T11:01:08-0300"}
{"pid":67096,"shlvl":3,"level":"INFO","dir":"/media/bigdata/home/adelgrin/Documents/teste","message":"ZPLUG_LOADFILE is not found","trace":["__zplug::log::write::info:2","__zplug::io::file::load:3","/home/adelgrin/.zplug/init.zsh:33","/home/adelgrin/.zshrc:1","zsh:0"],"date":"2025-11-25T11:58:12-0300"}
{"pid":91931,"shlvl":2,"level":"INFO","dir":"/media/bigdata/home/adelgrin/Downloads/chainsaw","message":"ZPLUG_LOADFILE is not found","trace":["__zplug::log::write::info:2","__zplug::io::file::load:3","/home/adelgrin/.zplug/init.zsh:33","/home/adelgrin/.zshrc:1","zsh:0"],"date":"2025-11-25T13:33:44-0300"}
