
2025/06/16 (09:45:34) | ===> btop++ v.1.3.0
2025/06/16 (09:45:34) | WARNING: NVML: Failed to get maximum GPU power draw, defaulting to 225W: Not Supported
2025/06/16 (09:45:34) | WARNING: NVML: Failed to get GPU power usage: Not Supported

2025/06/16 (13:26:36) | ===> btop++ v.1.3.0
2025/06/16 (13:26:36) | WARNING: NVML: Failed to get maximum GPU power draw, defaulting to 225W: Not Supported
2025/06/16 (13:26:36) | WARNING: NVML: Failed to get GPU power usage: Not Supported
2025/06/16 (13:41:23) | WARNING: Failed to join _runner thread on exit!

2025/06/17 (13:34:28) | ===> btop++ v.1.3.0
2025/06/17 (13:34:28) | WARNING: NVML: Failed to get maximum GPU power draw, defaulting to 225W: Not Supported
2025/06/17 (13:34:28) | WARNING: NVML: Failed to get GPU power usage: Not Supported

2025/06/18 (12:32:40) | ===> btop++ v.1.3.0
2025/06/18 (12:32:40) | WARNING: NVML: Failed to get maximum GPU power draw, defaulting to 225W: Not Supported
2025/06/18 (12:32:40) | WARNING: NVML: Failed to get GPU power usage: Not Supported

2025/06/19 (19:49:43) | ===> btop++ v.1.3.0
2025/06/19 (19:49:43) | WARNING: NVML: Failed to get maximum GPU power draw, defaulting to 225W: Not Supported
2025/06/19 (19:49:43) | WARNING: NVML: Failed to get GPU power usage: Not Supported

2025/06/20 (11:03:09) | ===> btop++ v.1.3.0
2025/06/20 (11:03:09) | WARNING: NVML: Failed to get maximum GPU power draw, defaulting to 225W: Not Supported
2025/06/20 (11:03:09) | WARNING: NVML: Failed to get GPU power usage: Not Supported
2025/06/20 (12:10:13) | WARNING: Failed to join _runner thread on exit!

2025/06/20 (19:22:14) | ===> btop++ v.1.3.0
2025/06/20 (19:22:14) | WARNING: NVML: Failed to get maximum GPU power draw, defaulting to 225W: Not Supported
2025/06/20 (19:22:14) | WARNING: NVML: Failed to get GPU power usage: Not Supported
2025/06/20 (19:22:28) | WARNING: Failed to join _runner thread on exit!

2025/06/20 (19:25:48) | ===> btop++ v.1.3.0
2025/06/20 (19:25:48) | WARNING: NVML: Failed to get maximum GPU power draw, defaulting to 225W: Not Supported
2025/06/20 (19:25:48) | WARNING: NVML: Failed to get GPU power usage: Not Supported

2025/06/23 (13:08:59) | ===> btop++ v.1.3.0
2025/06/23 (13:08:59) | WARNING: NVML: Failed to get maximum GPU power draw, defaulting to 225W: Not Supported
2025/06/23 (13:08:59) | WARNING: NVML: Failed to get GPU power usage: Not Supported
2025/06/23 (13:09:21) | WARNING: Failed to join _runner thread on exit!

2025/06/24 (08:37:47) | ===> btop++ v.1.3.0
2025/06/24 (08:37:47) | WARNING: NVML: Failed to get maximum GPU power draw, defaulting to 225W: Not Supported
2025/06/24 (08:37:47) | WARNING: NVML: Failed to get GPU power usage: Not Supported
2025/06/24 (08:49:44) | WARNING: Failed to join _runner thread on exit!

2025/06/24 (09:17:49) | ===> btop++ v.1.3.0
2025/06/24 (09:17:49) | WARNING: NVML: Failed to get maximum GPU power draw, defaulting to 225W: Not Supported
2025/06/24 (09:17:49) | WARNING: NVML: Failed to get GPU power usage: Not Supported

2025/06/24 (09:18:03) | ===> btop++ v.1.3.0
2025/06/24 (09:18:03) | WARNING: NVML: Failed to get maximum GPU power draw, defaulting to 225W: Not Supported
2025/06/24 (09:18:03) | WARNING: NVML: Failed to get GPU power usage: Not Supported

2025/06/24 (11:19:24) | ===> btop++ v.1.3.0
2025/06/24 (11:19:24) | WARNING: NVML: Failed to get maximum GPU power draw, defaulting to 225W: Not Supported
2025/06/24 (11:19:24) | WARNING: NVML: Failed to get GPU power usage: Not Supported
2025/06/24 (11:52:14) | ERROR: Stall in Runner thread, restarting!
2025/06/24 (11:52:55) | ERROR: Stall in Runner thread, restarting!
2025/06/24 (11:53:35) | ERROR: Stall in Runner thread, restarting!
2025/06/24 (11:54:13) | ERROR: Stall in Runner thread, restarting!

2025/06/26 (13:57:19) | ===> btop++ v.1.3.0
2025/06/26 (13:57:19) | WARNING: NVML: Failed to get maximum GPU power draw, defaulting to 225W: Not Supported
2025/06/26 (13:57:19) | WARNING: NVML: Failed to get GPU power usage: Not Supported

2025/06/27 (22:09:00) | ===> btop++ v.1.3.0
2025/06/27 (22:09:00) | WARNING: NVML: Failed to get maximum GPU power draw, defaulting to 225W: Not Supported
2025/06/27 (22:09:00) | WARNING: NVML: Failed to get GPU power usage: Not Supported
2025/06/27 (22:09:07) | WARNING: Failed to join _runner thread on exit!

2025/06/27 (22:10:58) | ===> btop++ v.1.3.0
2025/06/27 (22:10:58) | WARNING: NVML: Failed to get maximum GPU power draw, defaulting to 225W: Not Supported
2025/06/27 (22:10:58) | WARNING: NVML: Failed to get GPU power usage: Not Supported

2025/06/27 (22:59:52) | ===> btop++ v.1.3.0
2025/06/27 (22:59:52) | WARNING: NVML: Failed to get maximum GPU power draw, defaulting to 225W: Not Supported
2025/06/27 (22:59:52) | WARNING: NVML: Failed to get GPU power usage: Not Supported

2025/06/28 (11:02:19) | ===> btop++ v.1.3.0
2025/06/28 (11:02:19) | WARNING: NVML: Failed to get maximum GPU power draw, defaulting to 225W: Not Supported
2025/06/28 (11:02:19) | WARNING: NVML: Failed to get GPU power usage: Not Supported

2025/07/04 (09:43:25) | ===> btop++ v.1.3.0
2025/07/04 (09:43:25) | WARNING: NVML: Failed to get maximum GPU power draw, defaulting to 225W: Not Supported
2025/07/04 (09:43:25) | WARNING: NVML: Failed to get GPU power usage: Not Supported

2025/07/08 (09:32:10) | ===> btop++ v.1.3.0
2025/07/08 (09:32:10) | WARNING: NVML: Failed to get maximum GPU power draw, defaulting to 225W: Not Supported
2025/07/08 (09:32:10) | WARNING: NVML: Failed to get GPU power usage: Not Supported

2025/07/08 (13:53:12) | ===> btop++ v.1.3.0
2025/07/08 (13:53:12) | WARNING: NVML: Failed to get maximum GPU power draw, defaulting to 225W: Not Supported
2025/07/08 (13:53:12) | WARNING: NVML: Failed to get GPU power usage: Not Supported

2025/07/10 (10:41:43) | ===> btop++ v.1.3.0
2025/07/10 (10:41:43) | WARNING: NVML: Failed to get maximum GPU power draw, defaulting to 225W: Not Supported
2025/07/10 (10:41:43) | WARNING: NVML: Failed to get GPU power usage: Not Supported

2025/07/10 (11:54:59) | ===> btop++ v.1.3.0
2025/07/10 (11:54:59) | WARNING: NVML: Failed to get maximum GPU power draw, defaulting to 225W: Not Supported
2025/07/10 (11:54:59) | WARNING: NVML: Failed to get GPU power usage: Not Supported

2025/07/10 (11:56:43) | ===> btop++ v.1.3.0
2025/07/10 (11:56:43) | WARNING: NVML: Failed to get maximum GPU power draw, defaulting to 225W: Not Supported
2025/07/10 (11:56:43) | WARNING: NVML: Failed to get GPU power usage: Not Supported
2025/07/10 (12:31:18) | WARNING: Failed to join _runner thread on exit!

2025/07/13 (23:07:51) | ===> btop++ v.1.3.0
2025/07/13 (23:07:51) | WARNING: NVML: Failed to get maximum GPU power draw, defaulting to 225W: Not Supported
2025/07/13 (23:07:51) | WARNING: NVML: Failed to get GPU power usage: Not Supported

2025/07/14 (08:06:23) | ===> btop++ v.1.3.0
2025/07/14 (08:06:23) | WARNING: NVML: Failed to get maximum GPU power draw, defaulting to 225W: Not Supported
2025/07/14 (08:06:23) | WARNING: NVML: Failed to get GPU power usage: Not Supported
2025/07/14 (08:10:20) | WARNING: Failed to join _runner thread on exit!

2025/07/16 (13:53:53) | ===> btop++ v.1.3.0
2025/07/16 (13:53:53) | WARNING: NVML: Failed to get maximum GPU power draw, defaulting to 225W: Not Supported
2025/07/16 (13:53:53) | WARNING: NVML: Failed to get GPU power usage: Not Supported

2025/07/16 (21:09:34) | ===> btop++ v.1.3.0
2025/07/16 (21:09:34) | WARNING: NVML: Failed to get maximum GPU power draw, defaulting to 225W: Not Supported
2025/07/16 (21:09:34) | WARNING: NVML: Failed to get GPU power usage: Not Supported

2025/07/17 (13:52:14) | ===> btop++ v.1.3.0
2025/07/17 (13:52:14) | WARNING: NVML: Failed to get maximum GPU power draw, defaulting to 225W: Not Supported
2025/07/17 (13:52:14) | WARNING: NVML: Failed to get GPU power usage: Not Supported

2025/07/18 (19:52:36) | ===> btop++ v.1.3.0
2025/07/18 (19:52:36) | WARNING: NVML: Failed to get maximum GPU power draw, defaulting to 225W: Not Supported
2025/07/18 (19:52:36) | WARNING: NVML: Failed to get GPU power usage: Not Supported

2025/07/25 (08:12:57) | ===> btop++ v.1.3.0
2025/07/25 (08:12:57) | WARNING: NVML: Failed to get maximum GPU power draw, defaulting to 225W: Not Supported
2025/07/25 (08:12:57) | WARNING: NVML: Failed to get GPU power usage: Not Supported
2025/07/25 (08:14:50) | WARNING: Failed to join _runner thread on exit!

2025/07/25 (09:20:26) | ===> btop++ v.1.3.0
2025/07/25 (09:20:26) | WARNING: NVML: Failed to get maximum GPU power draw, defaulting to 225W: Not Supported
2025/07/25 (09:20:26) | WARNING: NVML: Failed to get GPU power usage: Not Supported
2025/07/25 (09:20:33) | WARNING: Failed to join _runner thread on exit!

2025/07/29 (10:18:58) | ===> btop++ v.1.3.2
2025/07/29 (10:18:58) | WARNING: NVML: Failed to get maximum GPU power draw, defaulting to 225W: Not Supported
2025/07/29 (10:18:58) | WARNING: NVML: Failed to get GPU power usage: Not Supported
2025/07/29 (11:11:46) | ERROR: Stall in Runner thread, restarting!

2025/07/29 (13:55:29) | ===> btop++ v.1.3.2
2025/07/29 (13:55:29) | WARNING: NVML: Failed to get maximum GPU power draw, defaulting to 225W: Not Supported
2025/07/29 (13:55:29) | WARNING: NVML: Failed to get GPU power usage: Not Supported
2025/07/29 (13:58:36) | WARNING: Failed to join _runner thread on exit!

2025/07/31 (11:46:04) | ===> btop++ v.1.3.2
2025/07/31 (11:46:04) | WARNING: NVML: Failed to get maximum GPU power draw, defaulting to 225W: Not Supported
2025/07/31 (11:46:04) | WARNING: NVML: Failed to get GPU power usage: Not Supported
2025/07/31 (11:46:07) | WARNING: Failed to join _runner thread on exit!

2025/07/31 (11:49:10) | ===> btop++ v.1.3.2
2025/07/31 (11:49:10) | WARNING: NVML: Failed to get maximum GPU power draw, defaulting to 225W: Not Supported
2025/07/31 (11:49:10) | WARNING: NVML: Failed to get GPU power usage: Not Supported

2025/08/01 (11:10:35) | ===> btop++ v.1.3.2
2025/08/01 (11:10:35) | WARNING: NVML: Failed to get maximum GPU power draw, defaulting to 225W: Not Supported
2025/08/01 (11:10:35) | WARNING: NVML: Failed to get GPU power usage: Not Supported
2025/08/01 (11:18:05) | WARNING: Failed to join _runner thread on exit!

2025/08/01 (11:19:46) | ===> btop++ v.1.3.2
2025/08/01 (11:19:46) | WARNING: NVML: Failed to get maximum GPU power draw, defaulting to 225W: Not Supported
2025/08/01 (11:19:46) | WARNING: NVML: Failed to get GPU power usage: Not Supported
2025/08/01 (11:48:39) | WARNING: Failed to join _runner thread on exit!

2025/08/01 (13:38:15) | ===> btop++ v.1.3.2
2025/08/01 (13:38:15) | WARNING: NVML: Failed to get maximum GPU power draw, defaulting to 225W: Not Supported
2025/08/01 (13:38:15) | WARNING: NVML: Failed to get GPU power usage: Not Supported

2025/08/04 (10:34:21) | ===> btop++ v.1.3.2
2025/08/04 (10:34:21) | WARNING: NVML: Failed to get maximum GPU power draw, defaulting to 225W: Not Supported
2025/08/04 (10:34:21) | WARNING: NVML: Failed to get GPU power usage: Not Supported

2025/08/07 (13:33:31) | ===> btop++ v.1.3.2
2025/08/07 (13:33:31) | WARNING: NVML: Failed to get maximum GPU power draw, defaulting to 225W: Not Supported
2025/08/07 (13:33:31) | WARNING: NVML: Failed to get GPU power usage: Not Supported
2025/08/07 (13:53:29) | WARNING: Failed to join _runner thread on exit!

2025/08/12 (08:25:05) | ===> btop++ v.1.3.2
2025/08/12 (08:25:05) | WARNING: NVML: Failed to get maximum GPU power draw, defaulting to 225W: Not Supported
2025/08/12 (08:25:05) | WARNING: NVML: Failed to get GPU power usage: Not Supported
2025/08/12 (08:25:06) | WARNING: Failed to join _runner thread on exit!

2025/08/12 (11:50:32) | ===> btop++ v.1.3.2
2025/08/12 (11:50:32) | WARNING: NVML: Failed to get maximum GPU power draw, defaulting to 225W: Not Supported
2025/08/12 (11:50:32) | WARNING: NVML: Failed to get GPU power usage: Not Supported
2025/08/12 (13:48:48) | WARNING: Failed to join _runner thread on exit!

2025/08/13 (08:07:19) | ===> btop++ v.1.3.2
2025/08/13 (08:07:19) | WARNING: NVML: Failed to get maximum GPU power draw, defaulting to 225W: Not Supported
2025/08/13 (08:07:19) | WARNING: NVML: Failed to get GPU power usage: Not Supported
2025/08/13 (11:21:39) | WARNING: Failed to join _runner thread on exit!

2025/08/14 (08:34:12) | ===> btop++ v.1.3.2
2025/08/14 (08:34:12) | WARNING: NVML: Failed to get maximum GPU power draw, defaulting to 225W: Not Supported
2025/08/14 (08:34:12) | WARNING: NVML: Failed to get GPU power usage: Not Supported
2025/08/14 (08:34:48) | WARNING: Failed to join _runner thread on exit!

2025/08/14 (08:35:25) | ===> btop++ v.1.3.2
2025/08/14 (08:35:25) | WARNING: NVML: Failed to get maximum GPU power draw, defaulting to 225W: Not Supported
2025/08/14 (08:35:25) | WARNING: NVML: Failed to get GPU power usage: Not Supported

2025/08/14 (08:40:11) | ===> btop++ v.1.3.2
2025/08/14 (08:40:11) | WARNING: NVML: Failed to get maximum GPU power draw, defaulting to 225W: Not Supported
2025/08/14 (08:40:11) | WARNING: NVML: Failed to get GPU power usage: Not Supported
2025/08/14 (08:40:28) | WARNING: Failed to join _runner thread on exit!

2025/08/14 (09:23:43) | ===> btop++ v.1.3.2
2025/08/14 (09:23:43) | WARNING: NVML: Failed to get maximum GPU power draw, defaulting to 225W: Not Supported
2025/08/14 (09:23:43) | WARNING: NVML: Failed to get GPU power usage: Not Supported

2025/08/14 (21:50:07) | ===> btop++ v.1.3.2
2025/08/14 (21:50:07) | WARNING: NVML: Failed to get maximum GPU power draw, defaulting to 225W: Not Supported
2025/08/14 (21:50:07) | WARNING: NVML: Failed to get GPU power usage: Not Supported
2025/08/14 (21:52:36) | WARNING: Failed to join _runner thread on exit!

2025/08/15 (09:32:01) | ===> btop++ v.1.3.2
2025/08/15 (09:32:01) | WARNING: NVML: Failed to get maximum GPU power draw, defaulting to 225W: Not Supported
2025/08/15 (09:32:01) | WARNING: NVML: Failed to get GPU power usage: Not Supported
2025/08/15 (09:42:28) | WARNING: Failed to join _runner thread on exit!

2025/08/18 (08:09:20) | ===> btop++ v.1.3.2
2025/08/18 (08:09:20) | WARNING: NVML: Failed to get maximum GPU power draw, defaulting to 225W: Not Supported
2025/08/18 (08:09:20) | WARNING: NVML: Failed to get GPU power usage: Not Supported
2025/08/18 (09:56:02) | WARNING: Failed to join _runner thread on exit!

2025/08/19 (08:27:27) | ===> btop++ v.1.3.2
2025/08/19 (08:27:27) | WARNING: NVML: Failed to get maximum GPU power draw, defaulting to 225W: Not Supported
2025/08/19 (08:27:27) | WARNING: NVML: Failed to get GPU power usage: Not Supported
2025/08/19 (08:42:19) | WARNING: Failed to join _runner thread on exit!

2025/08/19 (09:38:43) | ===> btop++ v.1.3.2
2025/08/19 (09:38:43) | WARNING: NVML: Failed to get maximum GPU power draw, defaulting to 225W: Not Supported
2025/08/19 (09:38:43) | WARNING: NVML: Failed to get GPU power usage: Not Supported
2025/08/19 (11:06:59) | WARNING: Failed to join _runner thread on exit!

2025/08/19 (11:18:29) | ===> btop++ v.1.3.2
2025/08/19 (11:18:29) | WARNING: NVML: Failed to get maximum GPU power draw, defaulting to 225W: Not Supported
2025/08/19 (11:18:29) | WARNING: NVML: Failed to get GPU power usage: Not Supported

2025/08/19 (11:38:36) | ===> btop++ v.1.3.2
2025/08/19 (11:38:36) | WARNING: NVML: Failed to get maximum GPU power draw, defaulting to 225W: Not Supported
2025/08/19 (11:38:36) | WARNING: NVML: Failed to get GPU power usage: Not Supported
2025/08/19 (11:48:32) | WARNING: Failed to join _runner thread on exit!

2025/08/19 (11:57:33) | ===> btop++ v.1.3.2
2025/08/19 (11:57:33) | WARNING: NVML: Failed to get maximum GPU power draw, defaulting to 225W: Not Supported
2025/08/19 (11:57:33) | WARNING: NVML: Failed to get GPU power usage: Not Supported
2025/08/19 (12:30:18) | WARNING: Failed to join _runner thread on exit!

2025/08/19 (12:51:28) | ===> btop++ v.1.3.2
2025/08/19 (12:51:28) | WARNING: NVML: Failed to get maximum GPU power draw, defaulting to 225W: Not Supported
2025/08/19 (12:51:28) | WARNING: NVML: Failed to get GPU power usage: Not Supported

2025/08/19 (12:57:07) | ===> btop++ v.1.3.2
2025/08/19 (12:57:07) | WARNING: NVML: Failed to get maximum GPU power draw, defaulting to 225W: Not Supported
2025/08/19 (12:57:07) | WARNING: NVML: Failed to get GPU power usage: Not Supported

2025/08/21 (08:17:40) | ===> btop++ v.1.3.2
2025/08/21 (08:17:40) | WARNING: NVML: Failed to get maximum GPU power draw, defaulting to 225W: Not Supported
2025/08/21 (08:17:40) | WARNING: NVML: Failed to get GPU power usage: Not Supported

2025/08/21 (11:24:42) | ===> btop++ v.1.3.2
2025/08/21 (11:24:42) | WARNING: NVML: Failed to get maximum GPU power draw, defaulting to 225W: Not Supported
2025/08/21 (11:24:42) | WARNING: NVML: Failed to get GPU power usage: Not Supported

2025/08/21 (11:38:53) | ===> btop++ v.1.3.2
2025/08/21 (11:38:53) | WARNING: NVML: Failed to get maximum GPU power draw, defaulting to 225W: Not Supported
2025/08/21 (11:38:53) | WARNING: NVML: Failed to get GPU power usage: Not Supported

2025/08/22 (09:13:48) | ===> btop++ v.1.3.2
2025/08/22 (09:13:48) | WARNING: NVML: Failed to get maximum GPU power draw, defaulting to 225W: Not Supported
2025/08/22 (09:13:48) | WARNING: NVML: Failed to get GPU power usage: Not Supported

2025/08/22 (10:43:22) | ===> btop++ v.1.3.2
2025/08/22 (10:43:22) | WARNING: NVML: Failed to get maximum GPU power draw, defaulting to 225W: Not Supported
2025/08/22 (10:43:22) | WARNING: NVML: Failed to get GPU power usage: Not Supported
2025/08/22 (10:46:02) | ERROR: Stall in Runner thread, restarting!
2025/08/22 (10:46:34) | ERROR: Stall in Runner thread, restarting!
2025/08/22 (10:48:11) | ERROR: Stall in Runner thread, restarting!
2025/08/22 (10:48:38) | ERROR: Stall in Runner thread, restarting!
2025/08/22 (10:49:25) | ERROR: Stall in Runner thread, restarting!

2025/08/22 (13:35:57) | ===> btop++ v.1.3.2
2025/08/22 (13:35:57) | WARNING: NVML: Failed to get maximum GPU power draw, defaulting to 225W: Not Supported
2025/08/22 (13:35:57) | WARNING: NVML: Failed to get GPU power usage: Not Supported

2025/08/25 (08:14:01) | ===> btop++ v.1.3.2
2025/08/25 (08:14:01) | WARNING: NVML: Failed to get maximum GPU power draw, defaulting to 225W: Not Supported
2025/08/25 (08:14:01) | WARNING: NVML: Failed to get GPU power usage: Not Supported

2025/08/26 (08:14:06) | ===> btop++ v.1.3.2
2025/08/26 (08:14:06) | WARNING: NVML: Failed to get maximum GPU power draw, defaulting to 225W: Not Supported
2025/08/26 (08:14:06) | WARNING: NVML: Failed to get GPU power usage: Not Supported
2025/08/26 (08:59:21) | WARNING: Failed to join _runner thread on exit!

2025/08/26 (11:16:24) | ===> btop++ v.1.3.2
2025/08/26 (11:16:24) | WARNING: NVML: Failed to get maximum GPU power draw, defaulting to 225W: Not Supported
2025/08/26 (11:16:24) | WARNING: NVML: Failed to get GPU power usage: Not Supported

2025/08/26 (12:30:42) | ===> btop++ v.1.3.2
2025/08/26 (12:30:42) | WARNING: NVML: Failed to get maximum GPU power draw, defaulting to 225W: Not Supported
2025/08/26 (12:30:42) | WARNING: NVML: Failed to get GPU power usage: Not Supported

2025/08/28 (21:32:29) | ===> btop++ v.1.3.2
2025/08/28 (21:32:29) | WARNING: NVML: Failed to get maximum GPU power draw, defaulting to 225W: Not Supported
2025/08/28 (21:32:29) | WARNING: NVML: Failed to get GPU power usage: Not Supported
2025/08/28 (21:33:05) | WARNING: Failed to join _runner thread on exit!

2025/08/28 (22:07:51) | ===> btop++ v.1.3.2
2025/08/28 (22:07:51) | WARNING: NVML: Failed to get maximum GPU power draw, defaulting to 225W: Not Supported
2025/08/28 (22:07:51) | WARNING: NVML: Failed to get GPU power usage: Not Supported
2025/08/28 (22:21:13) | WARNING: Failed to join _runner thread on exit!

2025/08/29 (14:39:43) | ===> btop++ v.1.3.2
2025/08/29 (14:39:43) | WARNING: NVML: Failed to get maximum GPU power draw, defaulting to 225W: Not Supported
2025/08/29 (14:39:43) | WARNING: NVML: Failed to get GPU power usage: Not Supported
2025/08/29 (19:03:46) | WARNING: Failed to join _runner thread on exit!

2025/08/29 (19:53:40) | ===> btop++ v.1.3.2
2025/08/29 (19:53:40) | WARNING: NVML: Failed to get maximum GPU power draw, defaulting to 225W: Not Supported
2025/08/29 (19:53:40) | WARNING: NVML: Failed to get GPU power usage: Not Supported
2025/08/29 (19:54:53) | WARNING: Failed to join _runner thread on exit!

2025/08/29 (19:55:22) | ===> btop++ v.1.3.2
2025/08/29 (19:55:22) | WARNING: NVML: Failed to get maximum GPU power draw, defaulting to 225W: Not Supported
2025/08/29 (19:55:22) | WARNING: NVML: Failed to get GPU power usage: Not Supported
2025/08/29 (20:08:52) | WARNING: Failed to join _runner thread on exit!

2025/08/29 (21:53:28) | ===> btop++ v.1.3.2
2025/08/29 (21:53:28) | WARNING: NVML: Failed to get maximum GPU power draw, defaulting to 225W: Not Supported
2025/08/29 (21:53:28) | WARNING: NVML: Failed to get GPU power usage: Not Supported
2025/08/29 (22:02:08) | WARNING: Failed to join _runner thread on exit!

2025/08/29 (23:49:24) | ===> btop++ v.1.3.2
2025/08/29 (23:49:24) | WARNING: NVML: Failed to get maximum GPU power draw, defaulting to 225W: Not Supported
2025/08/29 (23:49:24) | WARNING: NVML: Failed to get GPU power usage: Not Supported
2025/08/30 (07:36:53) | WARNING: Failed to join _runner thread on exit!

2025/09/01 (11:40:16) | ===> btop++ v.1.3.2
2025/09/01 (11:40:16) | WARNING: NVML: Failed to get maximum GPU power draw, defaulting to 225W: Not Supported
2025/09/01 (11:40:16) | WARNING: NVML: Failed to get GPU power usage: Not Supported

2025/09/01 (12:57:21) | ===> btop++ v.1.3.2
2025/09/01 (12:57:21) | WARNING: NVML: Failed to get maximum GPU power draw, defaulting to 225W: Not Supported
2025/09/01 (12:57:21) | WARNING: NVML: Failed to get GPU power usage: Not Supported

2025/09/01 (20:17:22) | ===> btop++ v.1.3.2
2025/09/01 (20:17:22) | WARNING: NVML: Failed to get maximum GPU power draw, defaulting to 225W: Not Supported
2025/09/01 (20:17:22) | WARNING: NVML: Failed to get GPU power usage: Not Supported
2025/09/01 (20:17:27) | WARNING: Failed to join _runner thread on exit!

2025/09/02 (08:53:11) | ===> btop++ v.1.3.2
2025/09/02 (08:53:11) | WARNING: NVML: Failed to get maximum GPU power draw, defaulting to 225W: Not Supported
2025/09/02 (08:53:11) | WARNING: NVML: Failed to get GPU power usage: Not Supported

2025/09/02 (19:06:43) | ===> btop++ v.1.3.2
2025/09/02 (19:06:43) | WARNING: NVML: Failed to get maximum GPU power draw, defaulting to 225W: Not Supported
2025/09/02 (19:06:43) | WARNING: NVML: Failed to get GPU power usage: Not Supported
2025/09/02 (19:18:11) | WARNING: Failed to join _runner thread on exit!

2025/09/02 (21:35:21) | ===> btop++ v.1.3.2
2025/09/02 (21:35:21) | WARNING: NVML: Failed to get maximum GPU power draw, defaulting to 225W: Not Supported
2025/09/02 (21:35:21) | WARNING: NVML: Failed to get GPU power usage: Not Supported

2025/09/02 (21:51:35) | ===> btop++ v.1.3.2
2025/09/02 (21:51:35) | WARNING: NVML: Failed to get maximum GPU power draw, defaulting to 225W: Not Supported
2025/09/02 (21:51:35) | WARNING: NVML: Failed to get GPU power usage: Not Supported

2025/09/03 (12:43:22) | ===> btop++ v.1.3.2
2025/09/03 (12:43:22) | WARNING: NVML: Failed to get maximum GPU power draw, defaulting to 225W: Not Supported
2025/09/03 (12:43:22) | WARNING: NVML: Failed to get GPU power usage: Not Supported
2025/09/03 (12:43:26) | ERROR: Exception during Config::unlock() : unordered_map::at

2025/09/03 (12:43:35) | ===> btop++ v.1.3.2
2025/09/03 (12:43:35) | WARNING: NVML: Failed to get maximum GPU power draw, defaulting to 225W: Not Supported
2025/09/03 (12:43:35) | WARNING: NVML: Failed to get GPU power usage: Not Supported
2025/09/03 (13:28:20) | WARNING: Failed to join _runner thread on exit!

2025/09/03 (13:29:25) | ===> btop++ v.1.3.2
2025/09/03 (13:29:25) | WARNING: NVML: Failed to get maximum GPU power draw, defaulting to 225W: Not Supported
2025/09/03 (13:29:25) | WARNING: NVML: Failed to get GPU power usage: Not Supported

2025/09/04 (08:08:40) | ===> btop++ v.1.3.2
2025/09/04 (08:08:40) | WARNING: NVML: Failed to get maximum GPU power draw, defaulting to 225W: Not Supported
2025/09/04 (08:08:40) | WARNING: NVML: Failed to get GPU power usage: Not Supported
2025/09/04 (08:08:49) | WARNING: Failed to join _runner thread on exit!

2025/09/04 (08:16:58) | ===> btop++ v.1.3.2
2025/09/04 (08:16:58) | WARNING: NVML: Failed to get maximum GPU power draw, defaulting to 225W: Not Supported
2025/09/04 (08:16:58) | WARNING: NVML: Failed to get GPU power usage: Not Supported

2025/09/04 (10:30:43) | ===> btop++ v.1.3.2
2025/09/04 (10:30:43) | WARNING: NVML: Failed to get maximum GPU power draw, defaulting to 225W: Not Supported
2025/09/04 (10:30:43) | WARNING: NVML: Failed to get GPU power usage: Not Supported

2025/09/04 (20:13:12) | ===> btop++ v.1.3.2
2025/09/04 (20:13:12) | WARNING: NVML: Failed to get maximum GPU power draw, defaulting to 225W: Not Supported
2025/09/04 (20:13:12) | WARNING: NVML: Failed to get GPU power usage: Not Supported
2025/09/04 (20:20:32) | WARNING: Failed to join _runner thread on exit!

2025/09/04 (21:51:25) | ===> btop++ v.1.3.2
2025/09/04 (21:51:25) | WARNING: NVML: Failed to get maximum GPU power draw, defaulting to 225W: Not Supported
2025/09/04 (21:51:25) | WARNING: NVML: Failed to get GPU power usage: Not Supported

2025/09/04 (23:02:01) | ===> btop++ v.1.3.2
2025/09/04 (23:02:01) | WARNING: NVML: Failed to get maximum GPU power draw, defaulting to 225W: Not Supported
2025/09/04 (23:02:01) | WARNING: NVML: Failed to get GPU power usage: Not Supported
2025/09/04 (23:40:52) | WARNING: Failed to join _runner thread on exit!

2025/09/04 (23:41:29) | ===> btop++ v.1.3.2
2025/09/04 (23:41:29) | WARNING: NVML: Failed to get maximum GPU power draw, defaulting to 225W: Not Supported
2025/09/04 (23:41:29) | WARNING: NVML: Failed to get GPU power usage: Not Supported
2025/09/04 (23:53:25) | WARNING: Failed to join _runner thread on exit!

2025/09/04 (23:53:53) | ===> btop++ v.1.3.2
2025/09/04 (23:53:53) | WARNING: NVML: Failed to get maximum GPU power draw, defaulting to 225W: Not Supported
2025/09/04 (23:53:53) | WARNING: NVML: Failed to get GPU power usage: Not Supported
2025/09/05 (07:18:27) | WARNING: Failed to join _runner thread on exit!

2025/09/05 (21:05:38) | ===> btop++ v.1.3.2
2025/09/05 (21:05:38) | WARNING: NVML: Failed to get maximum GPU power draw, defaulting to 225W: Not Supported
2025/09/05 (21:05:38) | WARNING: NVML: Failed to get GPU power usage: Not Supported

2025/09/09 (09:33:09) | ===> btop++ v.1.3.2
2025/09/09 (09:33:09) | WARNING: NVML: Failed to get maximum GPU power draw, defaulting to 225W: Not Supported
2025/09/09 (09:33:09) | WARNING: NVML: Failed to get GPU power usage: Not Supported
2025/09/09 (11:01:08) | WARNING: Failed to join _runner thread on exit!

2025/09/10 (09:51:13) | ===> btop++ v.1.3.2
2025/09/10 (09:51:13) | WARNING: NVML: Failed to get maximum GPU power draw, defaulting to 225W: Not Supported
2025/09/10 (09:51:13) | WARNING: NVML: Failed to get GPU power usage: Not Supported
2025/09/10 (09:51:29) | WARNING: Failed to join _runner thread on exit!

2025/09/11 (19:18:17) | ===> btop++ v.1.3.2
2025/09/11 (19:18:17) | WARNING: NVML: Failed to get maximum GPU power draw, defaulting to 225W: Not Supported
2025/09/11 (19:18:17) | WARNING: NVML: Failed to get GPU power usage: Not Supported
2025/09/11 (19:18:48) | WARNING: Failed to join _runner thread on exit!

2025/09/11 (19:22:08) | ===> btop++ v.1.3.2
2025/09/11 (19:22:08) | WARNING: NVML: Failed to get maximum GPU power draw, defaulting to 225W: Not Supported
2025/09/11 (19:22:08) | WARNING: NVML: Failed to get GPU power usage: Not Supported

2025/09/11 (21:43:43) | ===> btop++ v.1.3.2
2025/09/11 (21:43:43) | WARNING: NVML: Failed to get maximum GPU power draw, defaulting to 225W: Not Supported
2025/09/11 (21:43:43) | WARNING: NVML: Failed to get GPU power usage: Not Supported
2025/09/11 (21:44:51) | WARNING: Failed to join _runner thread on exit!

2025/09/11 (21:45:42) | ===> btop++ v.1.3.2
2025/09/11 (21:45:42) | WARNING: NVML: Failed to get maximum GPU power draw, defaulting to 225W: Not Supported
2025/09/11 (21:45:42) | WARNING: NVML: Failed to get GPU power usage: Not Supported

2025/09/11 (21:45:57) | ===> btop++ v.1.3.2
2025/09/11 (21:45:57) | WARNING: NVML: Failed to get maximum GPU power draw, defaulting to 225W: Not Supported
2025/09/11 (21:45:57) | WARNING: NVML: Failed to get GPU power usage: Not Supported

2025/09/11 (21:48:11) | ===> btop++ v.1.3.2
2025/09/11 (21:48:11) | WARNING: NVML: Failed to get maximum GPU power draw, defaulting to 225W: Not Supported
2025/09/11 (21:48:11) | WARNING: NVML: Failed to get GPU power usage: Not Supported

2025/09/15 (09:16:29) | ===> btop++ v.1.3.2
2025/09/15 (09:16:29) | WARNING: NVML: Failed to get maximum GPU power draw, defaulting to 225W: Not Supported
2025/09/15 (09:16:29) | WARNING: NVML: Failed to get GPU power usage: Not Supported

2025/09/18 (21:38:42) | ===> btop++ v.1.3.2
2025/09/18 (21:38:42) | WARNING: NVML: Failed to get maximum GPU power draw, defaulting to 225W: Not Supported
2025/09/18 (21:38:42) | WARNING: NVML: Failed to get GPU power usage: Not Supported
2025/09/18 (21:38:57) | WARNING: Failed to join _runner thread on exit!

2025/09/18 (21:39:10) | ===> btop++ v.1.3.2
2025/09/18 (21:39:10) | WARNING: NVML: Failed to get maximum GPU power draw, defaulting to 225W: Not Supported
2025/09/18 (21:39:10) | WARNING: NVML: Failed to get GPU power usage: Not Supported

2025/09/18 (21:42:17) | ===> btop++ v.1.3.2
2025/09/18 (21:42:17) | WARNING: NVML: Failed to get maximum GPU power draw, defaulting to 225W: Not Supported
2025/09/18 (21:42:17) | WARNING: NVML: Failed to get GPU power usage: Not Supported

2025/09/19 (09:15:35) | ===> btop++ v.1.3.2
2025/09/19 (09:15:35) | WARNING: NVML: Failed to get maximum GPU power draw, defaulting to 225W: Not Supported
2025/09/19 (09:15:35) | WARNING: NVML: Failed to get GPU power usage: Not Supported

2025/09/22 (09:21:16) | ===> btop++ v.1.3.2
2025/09/22 (09:21:16) | WARNING: NVML: Failed to get maximum GPU power draw, defaulting to 225W: Not Supported
2025/09/22 (09:21:16) | WARNING: NVML: Failed to get GPU power usage: Not Supported
2025/09/22 (09:21:22) | WARNING: Failed to join _runner thread on exit!

2025/09/22 (11:49:21) | ===> btop++ v.1.3.2
2025/09/22 (11:49:21) | WARNING: NVML: Failed to get maximum GPU power draw, defaulting to 225W: Not Supported
2025/09/22 (11:49:21) | WARNING: NVML: Failed to get GPU power usage: Not Supported

2025/09/23 (21:12:35) | ===> btop++ v.1.3.2
2025/09/23 (21:12:35) | WARNING: NVML: Failed to get maximum GPU power draw, defaulting to 225W: Not Supported
2025/09/23 (21:12:35) | WARNING: NVML: Failed to get GPU power usage: Not Supported
2025/09/23 (21:24:16) | WARNING: Failed to join _runner thread on exit!

2025/09/23 (21:24:18) | ===> btop++ v.1.3.2
2025/09/23 (21:24:18) | WARNING: NVML: Failed to get maximum GPU power draw, defaulting to 225W: Not Supported
2025/09/23 (21:24:18) | WARNING: NVML: Failed to get GPU power usage: Not Supported

2025/09/23 (21:39:20) | ===> btop++ v.1.3.2
2025/09/23 (21:39:20) | WARNING: NVML: Failed to get maximum GPU power draw, defaulting to 225W: Not Supported
2025/09/23 (21:39:20) | WARNING: NVML: Failed to get GPU power usage: Not Supported

2025/09/23 (21:40:27) | ===> btop++ v.1.3.2
2025/09/23 (21:40:27) | WARNING: NVML: Failed to get maximum GPU power draw, defaulting to 225W: Not Supported
2025/09/23 (21:40:27) | WARNING: NVML: Failed to get GPU power usage: Not Supported

2025/09/23 (22:18:04) | ===> btop++ v.1.3.2
2025/09/23 (22:18:04) | WARNING: NVML: Failed to get maximum GPU power draw, defaulting to 225W: Not Supported
2025/09/23 (22:18:04) | WARNING: NVML: Failed to get GPU power usage: Not Supported

2025/09/23 (22:19:03) | ===> btop++ v.1.3.2
2025/09/23 (22:19:03) | WARNING: NVML: Failed to get maximum GPU power draw, defaulting to 225W: Not Supported
2025/09/23 (22:19:03) | WARNING: NVML: Failed to get GPU power usage: Not Supported

2025/09/23 (22:19:17) | ===> btop++ v.1.3.2
2025/09/23 (22:19:17) | WARNING: NVML: Failed to get maximum GPU power draw, defaulting to 225W: Not Supported
2025/09/23 (22:19:17) | WARNING: NVML: Failed to get GPU power usage: Not Supported

2025/09/24 (07:49:09) | ===> btop++ v.1.3.2
2025/09/24 (07:49:09) | WARNING: NVML: Failed to get maximum GPU power draw, defaulting to 225W: Not Supported
2025/09/24 (07:49:09) | WARNING: NVML: Failed to get GPU power usage: Not Supported
2025/09/24 (07:51:35) | WARNING: Failed to join _runner thread on exit!

2025/09/24 (07:52:44) | ===> btop++ v.1.3.2
2025/09/24 (07:52:44) | WARNING: NVML: Failed to get maximum GPU power draw, defaulting to 225W: Not Supported
2025/09/24 (07:52:44) | WARNING: NVML: Failed to get GPU power usage: Not Supported

2025/09/24 (08:17:14) | ===> btop++ v.1.3.2
2025/09/24 (08:17:14) | WARNING: NVML: Failed to get maximum GPU power draw, defaulting to 225W: Not Supported
2025/09/24 (08:17:14) | WARNING: NVML: Failed to get GPU power usage: Not Supported

2025/09/24 (11:50:14) | ===> btop++ v.1.3.2
2025/09/24 (11:50:14) | WARNING: NVML: Failed to get maximum GPU power draw, defaulting to 225W: Not Supported
2025/09/24 (11:50:14) | WARNING: NVML: Failed to get GPU power usage: Not Supported
2025/09/24 (11:50:25) | WARNING: Failed to join _runner thread on exit!

2025/09/24 (12:08:13) | ===> btop++ v.1.3.2
2025/09/24 (12:08:13) | WARNING: NVML: Failed to get maximum GPU power draw, defaulting to 225W: Not Supported
2025/09/24 (12:08:13) | WARNING: NVML: Failed to get GPU power usage: Not Supported

2025/09/30 (08:00:08) | ===> btop++ v.1.3.2
2025/09/30 (08:00:08) | WARNING: NVML: Failed to get maximum GPU power draw, defaulting to 225W: Not Supported
2025/09/30 (08:00:08) | WARNING: NVML: Failed to get GPU power usage: Not Supported
2025/09/30 (08:54:02) | WARNING: Failed to join _runner thread on exit!

2025/09/30 (11:19:17) | ===> btop++ v.1.3.2
2025/09/30 (11:19:17) | WARNING: NVML: Failed to get maximum GPU power draw, defaulting to 225W: Not Supported
2025/09/30 (11:19:17) | WARNING: NVML: Failed to get GPU power usage: Not Supported

2025/10/03 (08:13:27) | ===> btop++ v.1.3.2
2025/10/03 (08:13:27) | WARNING: NVML: Failed to get maximum GPU power draw, defaulting to 225W: Not Supported
2025/10/03 (08:13:27) | WARNING: NVML: Failed to get GPU power usage: Not Supported
2025/10/03 (08:13:59) | WARNING: Failed to join _runner thread on exit!

2025/10/03 (08:21:28) | ===> btop++ v.1.3.2
2025/10/03 (08:21:28) | WARNING: NVML: Failed to get maximum GPU power draw, defaulting to 225W: Not Supported
2025/10/03 (08:21:28) | WARNING: NVML: Failed to get GPU power usage: Not Supported
2025/10/03 (08:25:24) | WARNING: Failed to join _runner thread on exit!

2025/10/03 (08:26:38) | ===> btop++ v.1.3.2
2025/10/03 (08:26:38) | WARNING: NVML: Failed to get maximum GPU power draw, defaulting to 225W: Not Supported
2025/10/03 (08:26:38) | WARNING: NVML: Failed to get GPU power usage: Not Supported

2025/10/03 (10:32:17) | ===> btop++ v.1.3.2
2025/10/03 (10:32:17) | WARNING: NVML: Failed to get maximum GPU power draw, defaulting to 225W: Not Supported
2025/10/03 (10:32:17) | WARNING: NVML: Failed to get GPU power usage: Not Supported

2025/10/07 (00:02:32) | ===> btop++ v.1.3.2
2025/10/07 (00:02:32) | WARNING: NVML: Failed to get maximum GPU power draw, defaulting to 225W: Not Supported
2025/10/07 (00:02:32) | WARNING: NVML: Failed to get GPU power usage: Not Supported
2025/10/07 (00:02:51) | WARNING: Failed to join _runner thread on exit!

2025/10/07 (09:59:56) | ===> btop++ v.1.3.2
2025/10/07 (09:59:56) | WARNING: NVML: Failed to get maximum GPU power draw, defaulting to 225W: Not Supported
2025/10/07 (09:59:56) | WARNING: NVML: Failed to get GPU power usage: Not Supported
2025/10/07 (11:12:10) | WARNING: Failed to join _runner thread on exit!

2025/10/07 (22:24:54) | ===> btop++ v.1.3.2
2025/10/07 (22:24:54) | WARNING: NVML: Failed to get maximum GPU power draw, defaulting to 225W: Not Supported
2025/10/07 (22:24:54) | WARNING: NVML: Failed to get GPU power usage: Not Supported

2025/10/08 (07:22:05) | ===> btop++ v.1.3.2
2025/10/08 (07:22:05) | WARNING: NVML: Failed to get maximum GPU power draw, defaulting to 225W: Not Supported
2025/10/08 (07:22:05) | WARNING: NVML: Failed to get GPU power usage: Not Supported
2025/10/08 (07:26:08) | WARNING: Failed to join _runner thread on exit!

2025/10/09 (18:39:06) | ===> btop++ v.1.3.2
2025/10/09 (18:39:06) | WARNING: NVML: Failed to get maximum GPU power draw, defaulting to 225W: Not Supported
2025/10/09 (18:39:06) | WARNING: NVML: Failed to get GPU power usage: Not Supported
2025/10/09 (18:39:47) | WARNING: Failed to join _runner thread on exit!

2025/10/10 (19:53:59) | ===> btop++ v.1.3.2
2025/10/10 (19:53:59) | WARNING: NVML: Failed to get maximum GPU power draw, defaulting to 225W: Not Supported
2025/10/10 (19:53:59) | WARNING: NVML: Failed to get GPU power usage: Not Supported

2025/10/13 (11:46:59) | ===> btop++ v.1.3.2
2025/10/13 (11:46:59) | WARNING: NVML: Failed to get maximum GPU power draw, defaulting to 225W: Not Supported
2025/10/13 (11:46:59) | WARNING: NVML: Failed to get GPU power usage: Not Supported
2025/10/13 (12:22:58) | WARNING: Failed to join _runner thread on exit!

2025/10/14 (11:30:20) | ===> btop++ v.1.3.2
2025/10/14 (11:30:20) | WARNING: NVML: Failed to get maximum GPU power draw, defaulting to 225W: Not Supported
2025/10/14 (11:30:20) | WARNING: NVML: Failed to get GPU power usage: Not Supported

2025/10/15 (09:34:56) | ===> btop++ v.1.3.2
2025/10/15 (09:34:56) | WARNING: NVML: Failed to get maximum GPU power draw, defaulting to 225W: Not Supported
2025/10/15 (09:34:56) | WARNING: NVML: Failed to get GPU power usage: Not Supported

2025/10/15 (10:53:30) | ===> btop++ v.1.3.2
2025/10/15 (10:53:30) | WARNING: NVML: Failed to get maximum GPU power draw, defaulting to 225W: Not Supported
2025/10/15 (10:53:30) | WARNING: NVML: Failed to get GPU power usage: Not Supported
2025/10/15 (13:37:53) | WARNING: Failed to join _runner thread on exit!

2025/10/15 (20:42:10) | ===> btop++ v.1.3.2
2025/10/15 (20:42:10) | WARNING: NVML: Failed to get maximum GPU power draw, defaulting to 225W: Not Supported
2025/10/15 (20:42:10) | WARNING: NVML: Failed to get GPU power usage: Not Supported
2025/10/15 (20:42:28) | WARNING: Failed to join _runner thread on exit!

2025/10/16 (21:35:22) | ===> btop++ v.1.3.2
2025/10/16 (21:35:22) | WARNING: NVML: Failed to get maximum GPU power draw, defaulting to 225W: Not Supported
2025/10/16 (21:35:22) | WARNING: NVML: Failed to get GPU power usage: Not Supported
2025/10/16 (21:35:23) | WARNING: Failed to join _runner thread on exit!

2025/10/30 (07:48:49) | ===> btop++ v.1.3.2
2025/10/30 (07:48:49) | WARNING: NVML: Failed to get maximum GPU power draw, defaulting to 225W: Not Supported
2025/10/30 (07:48:49) | WARNING: NVML: Failed to get GPU power usage: Not Supported
2025/10/30 (08:10:19) | WARNING: Failed to join _runner thread on exit!

2025/10/30 (08:28:49) | ===> btop++ v.1.3.2
2025/10/30 (08:28:49) | WARNING: NVML: Failed to get maximum GPU power draw, defaulting to 225W: Not Supported
2025/10/30 (08:28:49) | WARNING: NVML: Failed to get GPU power usage: Not Supported
2025/10/30 (11:11:21) | ERROR: Stall in Runner thread, restarting!
2025/10/30 (11:11:26) | WARNING: Failed to join _runner thread on exit!
2025/10/30 (11:11:26) | ERROR: No response from Runner thread, quitting!

2025/10/30 (11:11:43) | ===> btop++ v.1.3.2
2025/10/30 (11:11:43) | WARNING: NVML: Failed to get maximum GPU power draw, defaulting to 225W: Not Supported
2025/10/30 (11:11:43) | WARNING: NVML: Failed to get GPU power usage: Not Supported

2025/11/03 (11:03:42) | ===> btop++ v.1.3.2
2025/11/03 (11:03:42) | WARNING: NVML: Failed to get maximum GPU power draw, defaulting to 225W: Not Supported
2025/11/03 (11:03:42) | WARNING: NVML: Failed to get GPU power usage: Not Supported

2025/11/05 (20:30:19) | ===> btop++ v.1.3.2
2025/11/05 (20:30:19) | WARNING: NVML: Failed to get maximum GPU power draw, defaulting to 225W: Not Supported
2025/11/05 (20:30:19) | WARNING: NVML: Failed to get GPU power usage: Not Supported
2025/11/05 (20:33:06) | WARNING: Failed to join _runner thread on exit!

2025/11/05 (20:34:33) | ===> btop++ v.1.3.2
2025/11/05 (20:34:33) | WARNING: NVML: Failed to get maximum GPU power draw, defaulting to 225W: Not Supported
2025/11/05 (20:34:33) | WARNING: NVML: Failed to get GPU power usage: Not Supported
2025/11/05 (20:34:54) | WARNING: Failed to join _runner thread on exit!

2025/11/06 (08:39:00) | ===> btop++ v.1.3.2
2025/11/06 (08:39:00) | WARNING: NVML: Failed to get maximum GPU power draw, defaulting to 225W: Not Supported
2025/11/06 (08:39:00) | WARNING: NVML: Failed to get GPU power usage: Not Supported
2025/11/06 (08:39:57) | WARNING: Failed to join _runner thread on exit!

2025/11/06 (08:40:53) | ===> btop++ v.1.3.2
2025/11/06 (08:40:53) | WARNING: NVML: Failed to get maximum GPU power draw, defaulting to 225W: Not Supported
2025/11/06 (08:40:53) | WARNING: NVML: Failed to get GPU power usage: Not Supported
